[    0.000000] Linux version 4.15.0-192-generic (buildd@lcy02-amd64-029) (gcc version 7.5.0 (Ubuntu 7.5.0-3ubuntu1~18.04)) #203-Ubuntu SMP Wed Aug 10 17:40:03 UTC 2022 (Ubuntu 4.15.0-192.203-generic 4.15.18)
[    0.000000] Command line: BOOT_IMAGE=/boot/vmlinuz-4.15.0-192-generic root=LABEL=cloudimg-rootfs ro console=tty1 console=ttyS0
[    0.000000] KERNEL supported cpus:
[    0.000000]   Intel GenuineIntel
[    0.000000]   AMD AuthenticAMD
[    0.000000]   Centaur CentaurHauls
[    0.000000] x86/fpu: Supporting XSAVE feature 0x001: 'x87 floating point registers'
[    0.000000] x86/fpu: Supporting XSAVE feature 0x002: 'SSE registers'
[    0.000000] x86/fpu: Supporting XSAVE feature 0x004: 'AVX registers'
[    0.000000] x86/fpu: xstate_offset[2]:  576, xstate_sizes[2]:  256
[    0.000000] x86/fpu: Enabled xstate features 0x7, context size is 832 bytes, using 'standard' format.
[    0.000000] e820: BIOS-provided physical RAM map:
[    0.000000] BIOS-e820: [mem 0x0000000000000000-0x000000000009fbff] usable
[    0.000000] BIOS-e820: [mem 0x000000000009fc00-0x000000000009ffff] reserved
[    0.000000] BIOS-e820: [mem 0x00000000000f0000-0x00000000000fffff] reserved
[    0.000000] BIOS-e820: [mem 0x0000000000100000-0x00000000dffeffff] usable
[    0.000000] BIOS-e820: [mem 0x00000000dfff0000-0x00000000dfffffff] ACPI data
[    0.000000] BIOS-e820: [mem 0x00000000fec00000-0x00000000fec00fff] reserved
[    0.000000] BIOS-e820: [mem 0x00000000fee00000-0x00000000fee00fff] reserved
[    0.000000] BIOS-e820: [mem 0x00000000fffc0000-0x00000000ffffffff] reserved
[    0.000000] BIOS-e820: [mem 0x0000000100000000-0x000000011fffffff] usable
[    0.000000] NX (Execute Disable) protection: active
[    0.000000] SMBIOS 2.5 present.
[    0.000000] DMI: innotek GmbH VirtualBox/VirtualBox, BIOS VirtualBox 12/01/2006
[    0.000000] Hypervisor detected: KVM
[    0.000000] e820: last_pfn = 0x120000 max_arch_pfn = 0x400000000
[    0.000000] MTRR: Disabled
[    0.000000] x86/PAT: MTRRs disabled, skipping PAT initialization too.
[    0.000000] CPU MTRRs all blank - virtualized system.
[    0.000000] x86/PAT: Configuration [0-7]: WB  WT  UC- UC  WB  WT  UC- UC  
[    0.000000] e820: last_pfn = 0xdfff0 max_arch_pfn = 0x400000000
[    0.000000] found SMP MP-table at [mem 0x0009fff0-0x0009ffff]
[    0.000000] Scanning 1 areas for low memory corruption
[    0.000000] RAMDISK: [mem 0x359cb000-0x36cdcfff]
[    0.000000] ACPI: Early table checksum verification disabled
[    0.000000] ACPI: RSDP 0x00000000000E0000 000024 (v02 VBOX  )
[    0.000000] ACPI: XSDT 0x00000000DFFF0030 00003C (v01 VBOX   VBOXXSDT 00000001 ASL  00000061)
[    0.000000] ACPI: FACP 0x00000000DFFF00F0 0000F4 (v04 VBOX   VBOXFACP 00000001 ASL  00000061)
[    0.000000] ACPI: DSDT 0x00000000DFFF0480 002325 (v02 VBOX   VBOXBIOS 00000002 INTL 20100528)
[    0.000000] ACPI: FACS 0x00000000DFFF0200 000040
[    0.000000] ACPI: FACS 0x00000000DFFF0200 000040
[    0.000000] ACPI: APIC 0x00000000DFFF0240 00006C (v02 VBOX   VBOXAPIC 00000001 ASL  00000061)
[    0.000000] ACPI: SSDT 0x00000000DFFF02B0 0001CC (v01 VBOX   VBOXCPUT 00000002 INTL 20100528)
[    0.000000] ACPI: Reserving FACP table memory at [mem 0xdfff00f0-0xdfff01e3]
[    0.000000] ACPI: Reserving DSDT table memory at [mem 0xdfff0480-0xdfff27a4]
[    0.000000] ACPI: Reserving FACS table memory at [mem 0xdfff0200-0xdfff023f]
[    0.000000] ACPI: Reserving FACS table memory at [mem 0xdfff0200-0xdfff023f]
[    0.000000] ACPI: Reserving APIC table memory at [mem 0xdfff0240-0xdfff02ab]
[    0.000000] ACPI: Reserving SSDT table memory at [mem 0xdfff02b0-0xdfff047b]
[    0.000000] No NUMA configuration found
[    0.000000] Faking a node at [mem 0x0000000000000000-0x000000011fffffff]
[    0.000000] NODE_DATA(0) allocated [mem 0x11ffd1000-0x11fffbfff]
[    0.000000] kvm-clock: cpu 0, msr 1:1ff50001, primary cpu clock
[    0.000000] kvm-clock: Using msrs 4b564d01 and 4b564d00
[    0.000000] kvm-clock: using sched offset of 4165280605 cycles
[    0.000000] clocksource: kvm-clock: mask: 0xffffffffffffffff max_cycles: 0x1cd42e4dffb, max_idle_ns: 881590591483 ns
[    0.000000] Zone ranges:
[    0.000000]   DMA      [mem 0x0000000000001000-0x0000000000ffffff]
[    0.000000]   DMA32    [mem 0x0000000001000000-0x00000000ffffffff]
[    0.000000]   Normal   [mem 0x0000000100000000-0x000000011fffffff]
[    0.000000]   Device   empty
[    0.000000] Movable zone start for each node
[    0.000000] Early memory node ranges
[    0.000000]   node   0: [mem 0x0000000000001000-0x000000000009efff]
[    0.000000]   node   0: [mem 0x0000000000100000-0x00000000dffeffff]
[    0.000000]   node   0: [mem 0x0000000100000000-0x000000011fffffff]
[    0.000000] Reserved but unavailable: 104 pages
[    0.000000] Initmem setup node 0 [mem 0x0000000000001000-0x000000011fffffff]
[    0.000000] ACPI: PM-Timer IO Port: 0x4008
[    0.000000] IOAPIC[0]: apic_id 4, version 32, address 0xfec00000, GSI 0-23
[    0.000000] ACPI: INT_SRC_OVR (bus 0 bus_irq 0 global_irq 2 dfl dfl)
[    0.000000] ACPI: INT_SRC_OVR (bus 0 bus_irq 9 global_irq 9 low level)
[    0.000000] Using ACPI (MADT) for SMP configuration information
[    0.000000] smpboot: Allowing 4 CPUs, 0 hotplug CPUs
[    0.000000] PM: Registered nosave memory: [mem 0x00000000-0x00000fff]
[    0.000000] PM: Registered nosave memory: [mem 0x0009f000-0x0009ffff]
[    0.000000] PM: Registered nosave memory: [mem 0x000a0000-0x000effff]
[    0.000000] PM: Registered nosave memory: [mem 0x000f0000-0x000fffff]
[    0.000000] PM: Registered nosave memory: [mem 0xdfff0000-0xdfffffff]
[    0.000000] PM: Registered nosave memory: [mem 0xe0000000-0xfebfffff]
[    0.000000] PM: Registered nosave memory: [mem 0xfec00000-0xfec00fff]
[    0.000000] PM: Registered nosave memory: [mem 0xfec01000-0xfedfffff]
[    0.000000] PM: Registered nosave memory: [mem 0xfee00000-0xfee00fff]
[    0.000000] PM: Registered nosave memory: [mem 0xfee01000-0xfffbffff]
[    0.000000] PM: Registered nosave memory: [mem 0xfffc0000-0xffffffff]
[    0.000000] e820: [mem 0xe0000000-0xfebfffff] available for PCI devices
[    0.000000] Booting paravirtualized kernel on KVM
[    0.000000] clocksource: refined-jiffies: mask: 0xffffffff max_cycles: 0xffffffff, max_idle_ns: 7645519600211568 ns
[    0.000000] random: get_random_bytes called from start_kernel+0x99/0x500 with crng_init=0
[    0.000000] setup_percpu: NR_CPUS:8192 nr_cpumask_bits:4 nr_cpu_ids:4 nr_node_ids:1
[    0.000000] percpu: Embedded 50 pages/cpu s167936 r8192 d28672 u524288
[    0.000000] PV qspinlock hash table entries: 256 (order: 0, 4096 bytes)
[    0.000000] Built 1 zonelists, mobility grouping on.  Total pages: 1032057
[    0.000000] Policy zone: Normal
[    0.000000] Kernel command line: BOOT_IMAGE=/boot/vmlinuz-4.15.0-192-generic root=LABEL=cloudimg-rootfs ro console=tty1 console=ttyS0
[    0.000000] Memory: 4012856K/4193848K available (12300K kernel code, 2484K rwdata, 4324K rodata, 2468K init, 2724K bss, 180992K reserved, 0K cma-reserved)
[    0.000000] SLUB: HWalign=64, Order=0-3, MinObjects=0, CPUs=4, Nodes=1
[    0.000000] ftrace: allocating 39482 entries in 155 pages
[    0.004000] Hierarchical RCU implementation.
[    0.004000] 	RCU restricting CPUs from NR_CPUS=8192 to nr_cpu_ids=4.
[    0.004000] 	Tasks RCU enabled.
[    0.004000] RCU: Adjusting geometry for rcu_fanout_leaf=16, nr_cpu_ids=4
[    0.004000] NR_IRQS: 524544, nr_irqs: 456, preallocated irqs: 16
[    0.004000] Console: colour VGA+ 80x25
[    0.004000] console [tty1] enabled
[    0.004000] console [ttyS0] enabled
[    0.004000] ACPI: Core revision 20170831
[    0.004000] ACPI: 2 ACPI AML tables successfully acquired and loaded
[    0.004000] APIC: Switch to symmetric I/O mode setup
[    0.004000] x2apic enabled
[    0.004000] Switched APIC routing to physical x2apic.
[    0.004000] ..TIMER: vector=0x30 apic1=0 pin1=2 apic2=-1 pin2=-1
[    0.004006] tsc: Detected 1497.600 MHz processor
[    0.004908] Calibrating delay loop (skipped) preset value.. 2995.20 BogoMIPS (lpj=5990400)
[    0.008008] pid_max: default: 32768 minimum: 301
[    0.008949] Security Framework initialized
[    0.009977] Yama: becoming mindful.
[    0.012034] AppArmor: AppArmor initialized
[    0.024145] Dentry cache hash table entries: 524288 (order: 10, 4194304 bytes)
[    0.028144] Inode-cache hash table entries: 262144 (order: 9, 2097152 bytes)
[    0.029440] Mount-cache hash table entries: 8192 (order: 4, 65536 bytes)
[    0.032336] Mountpoint-cache hash table entries: 8192 (order: 4, 65536 bytes)
[    0.036370] Last level iTLB entries: 4KB 0, 2MB 0, 4MB 0
[    0.037430] Last level dTLB entries: 4KB 0, 2MB 0, 4MB 0, 1GB 0
[    0.038568] Spectre V1 : Mitigation: usercopy/swapgs barriers and __user pointer sanitization
[    0.040009] Spectre V2 : Mitigation: Retpolines
[    0.041011] Spectre V2 : Spectre v2 / SpectreRSB mitigation: Filling RSB on context switch
[    0.042612] Speculative Store Bypass: Vulnerable
[    0.044066] MMIO Stale Data: Vulnerable: Clear CPU buffers attempted, no microcode
[    0.045928] SRBDS: Unknown: Dependent on hypervisor status
[    0.048317] Freeing SMP alternatives memory: 36K
[    0.163120] smpboot: CPU0: Intel(R) Core(TM) i5-1035G7 CPU @ 1.20GHz (family: 0x6, model: 0x7e, stepping: 0x5)
[    0.164322] Performance Events: unsupported p6 CPU model 126 no PMU driver, software events only.
[    0.166882] Hierarchical SRCU implementation.
[    0.168532] NMI watchdog: Perf event create on CPU 0 failed with -2
[    0.169708] NMI watchdog: Perf NMI watchdog permanently disabled
[    0.171078] smp: Bringing up secondary CPUs ...
[    0.176125] x86: Booting SMP configuration:
[    0.177026] .... node  #0, CPUs:      #1
[    0.004000] kvm-clock: cpu 1, msr 1:1ff50041, secondary cpu clock
[    0.182062]  #2
[    0.004000] kvm-clock: cpu 2, msr 1:1ff50081, secondary cpu clock
[    0.184211]  #3
[    0.004000] kvm-clock: cpu 3, msr 1:1ff500c1, secondary cpu clock
[    0.188025] smp: Brought up 1 node, 4 CPUs
[    0.188945] smpboot: Max logical packages: 1
[    0.189713] smpboot: Total of 4 processors activated (11980.80 BogoMIPS)
[    0.192217] devtmpfs: initialized
[    0.192737] x86/mm: Memory block size: 128MB
[    0.194945] evm: security.selinux
[    0.196101] evm: security.SMACK64
[    0.198204] evm: security.SMACK64EXEC
[    0.199197] evm: security.SMACK64TRANSMUTE
[    0.200008] evm: security.SMACK64MMAP
[    0.200920] evm: security.apparmor
[    0.201869] evm: security.ima
[    0.202545] evm: security.capability
[    0.204139] clocksource: jiffies: mask: 0xffffffff max_cycles: 0xffffffff, max_idle_ns: 7645041785100000 ns
[    0.206246] futex hash table entries: 1024 (order: 4, 65536 bytes)
[    0.208062] pinctrl core: initialized pinctrl subsystem
[    0.209292] RTC time: 16:16:29, date: 09/13/22
[    0.210429] NET: Registered protocol family 16
[    0.212285] audit: initializing netlink subsys (disabled)
[    0.214754] audit: type=2000 audit(1663085795.915:1): state=initialized audit_enabled=0 res=1
[    0.216022] cpuidle: using governor ladder
[    0.217047] cpuidle: using governor menu
[    0.218121] ACPI: bus type PCI registered
[    0.219416] acpiphp: ACPI Hot Plug PCI Controller Driver version: 0.5
[    0.220280] PCI: Using configuration type 1 for base access
[    0.224952] HugeTLB registered 2.00 MiB page size, pre-allocated 0 pages
[    0.228145] ACPI: Added _OSI(Module Device)
[    0.229207] ACPI: Added _OSI(Processor Device)
[    0.232006] ACPI: Added _OSI(3.0 _SCP Extensions)
[    0.233000] ACPI: Added _OSI(Processor Aggregator Device)
[    0.234072] ACPI: Added _OSI(Linux-Dell-Video)
[    0.235040] ACPI: Added _OSI(Linux-Lenovo-NV-HDMI-Audio)
[    0.236005] ACPI: Added _OSI(Linux-HPI-Hybrid-Graphics)
[    0.237089] ACPI: Executed 1 blocks of module-level executable AML code
[    0.241510] ACPI: Interpreter enabled
[    0.242159] ACPI: (supports S0 S5)
[    0.242791] ACPI: Using IOAPIC for interrupt routing
[    0.244881] PCI: Using host bridge windows from ACPI; if necessary, use "pci=nocrs" and report a bug
[    0.246892] ACPI: Enabled 2 GPEs in block 00 to 07
[    0.253960] ACPI: PCI Root Bridge [PCI0] (domain 0000 [bus 00-ff])
[    0.256033] acpi PNP0A03:00: _OSC: OS supports [ASPM ClockPM Segments MSI]
[    0.258832] acpi PNP0A03:00: _OSC: not requesting OS control; OS requires [ExtendedConfig ASPM ClockPM MSI]
[    0.264030] acpi PNP0A03:00: fail to add MMCONFIG information, can't access extended PCI configuration space under this bridge.
[    0.268595] PCI host bridge to bus 0000:00
[    0.269510] pci_bus 0000:00: root bus resource [io  0x0000-0x0cf7 window]
[    0.269510] pci_bus 0000:00: root bus resource [io  0x0d00-0xffff window]
[    0.269510] pci_bus 0000:00: root bus resource [mem 0x000a0000-0x000bffff window]
[    0.270821] pci_bus 0000:00: root bus resource [mem 0xe0000000-0xfdffffff window]
[    0.272021] pci_bus 0000:00: root bus resource [bus 00-ff]
[    0.277393] pci 0000:00:01.1: legacy IDE quirk: reg 0x10: [io  0x01f0-0x01f7]
[    0.280014] pci 0000:00:01.1: legacy IDE quirk: reg 0x14: [io  0x03f6]
[    0.282105] pci 0000:00:01.1: legacy IDE quirk: reg 0x18: [io  0x0170-0x0177]
[    0.284010] pci 0000:00:01.1: legacy IDE quirk: reg 0x1c: [io  0x0376]
[    0.376730] pci 0000:00:07.0: quirk: [io  0x4000-0x403f] claimed by PIIX4 ACPI
[    0.379833] pci 0000:00:07.0: quirk: [io  0x4100-0x410f] claimed by PIIX4 SMB
[    0.409943] ACPI: PCI Interrupt Link [LNKA] (IRQs 5 9 10 *11)
[    0.412355] ACPI: PCI Interrupt Link [LNKB] (IRQs 5 9 *10 11)
[    0.413755] ACPI: PCI Interrupt Link [LNKC] (IRQs 5 *9 10 11)
[    0.416073] ACPI: PCI Interrupt Link [LNKD] (IRQs 5 9 10 *11)
[    0.418412] SCSI subsystem initialized
[    0.420116] pci 0000:00:02.0: vgaarb: setting as boot VGA device
[    0.421233] pci 0000:00:02.0: vgaarb: VGA device added: decodes=io+mem,owns=io+mem,locks=none
[    0.424009] pci 0000:00:02.0: vgaarb: bridge control possible
[    0.424009] vgaarb: loaded
[    0.425927] ACPI: bus type USB registered
[    0.428254] usbcore: registered new interface driver usbfs
[    0.430136] usbcore: registered new interface driver hub
[    0.432025] usbcore: registered new device driver usb
[    0.436021] EDAC MC: Ver: 3.0.0
[    0.436793] PCI: Using ACPI for IRQ routing
[    0.437221] NetLabel: Initializing
[    0.437318] NetLabel:  domain hash size = 128
[    0.439030] NetLabel:  protocols = UNLABELED CIPSOv4 CALIPSO
[    0.440031] NetLabel:  unlabeled traffic allowed by default
[    0.444786] clocksource: Switched to clocksource kvm-clock
[    0.482552] VFS: Disk quotas dquot_6.6.0
[    0.484075] VFS: Dquot-cache hash table entries: 512 (order 0, 4096 bytes)
[    0.485655] AppArmor: AppArmor Filesystem Enabled
[    0.486632] pnp: PnP ACPI init
[    0.489291] pnp: PnP ACPI: found 3 devices
[    0.501147] clocksource: acpi_pm: mask: 0xffffff max_cycles: 0xffffff, max_idle_ns: 2085701024 ns
[    0.504251] NET: Registered protocol family 2
[    0.505494] IP idents hash table entries: 65536 (order: 7, 524288 bytes)
[    0.507611] TCP established hash table entries: 32768 (order: 6, 262144 bytes)
[    0.515332] TCP bind hash table entries: 32768 (order: 7, 524288 bytes)
[    0.516851] TCP: Hash tables configured (established 32768 bind 32768)
[    0.518332] UDP hash table entries: 2048 (order: 4, 65536 bytes)
[    0.519745] UDP-Lite hash table entries: 2048 (order: 4, 65536 bytes)
[    0.521100] NET: Registered protocol family 1
[    0.522035] pci 0000:00:00.0: Limiting direct PCI/PCI transfers
[    0.523215] pci 0000:00:01.0: Activating ISA DMA hang workarounds
[    0.525123] pci 0000:00:02.0: Video device with shadowed ROM at [mem 0x000c0000-0x000dffff]
[    0.528257] Unpacking initramfs...
[    1.038791] Freeing initrd memory: 19528K
[    1.039505] PCI-DMA: Using software bounce buffering for IO (SWIOTLB)
[    1.040777] software IO TLB: mapped [mem 0xdbff0000-0xdfff0000] (64MB)
[    1.044770] clocksource: tsc: mask: 0xffffffffffffffff max_cycles: 0x159647815e3, max_idle_ns: 440795269835 ns
[    1.047629] platform rtc_cmos: registered platform RTC device (no PNP device found)
[    1.049548] Scanning for low memory corruption every 60 seconds
[    1.053020] Initialise system trusted keyrings
[    1.054837] Key type blacklist registered
[    1.056084] workingset: timestamp_bits=36 max_order=20 bucket_order=0
[    1.060821] zbud: loaded
[    1.063598] squashfs: version 4.0 (2009/01/31) Phillip Lougher
[    1.066217] fuse init (API version 7.26)
[    1.080045] Key type asymmetric registered
[    1.080931] Asymmetric key parser 'x509' registered
[    1.081944] Block layer SCSI generic (bsg) driver version 0.4 loaded (major 246)
[    1.083599] io scheduler noop registered
[    1.084638] io scheduler deadline registered
[    1.085606] io scheduler cfq registered (default)
[    1.087647] ACPI: AC Adapter [AC] (on-line)
[    1.090501] input: Power Button as /devices/LNXSYSTM:00/LNXPWRBN:00/input/input0
[    1.094221] ACPI: Power Button [PWRF]
[    1.094995] input: Sleep Button as /devices/LNXSYSTM:00/LNXSLPBN:00/input/input1
[    1.096361] ACPI: Sleep Button [SLPF]
[    1.098564] Serial: 8250/16550 driver, 32 ports, IRQ sharing enabled
[    1.099099] ACPI: Battery Slot [BAT0] (battery present)
[    1.121723] 00:02: ttyS0 at I/O 0x3f8 (irq = 4, base_baud = 115200) is a 16550A
[    1.129275] Linux agpgart interface v0.103
[    1.134973] loop: module loaded
[    1.136635] scsi host0: ata_piix
[    1.137669] scsi host1: ata_piix
[    1.138409] ata1: PATA max UDMA/33 cmd 0x1f0 ctl 0x3f6 bmdma 0xd000 irq 14
[    1.139497] ata2: PATA max UDMA/33 cmd 0x170 ctl 0x376 bmdma 0xd008 irq 15
[    1.142727] tun: Universal TUN/TAP device driver, 1.6
[    1.144468] PPP generic driver version 2.4.2
[    1.146044] ehci_hcd: USB 2.0 'Enhanced' Host Controller (EHCI) Driver
[    1.147588] ehci-pci: EHCI PCI platform driver
[    1.148595] ehci-platform: EHCI generic platform driver
[    1.149800] ohci_hcd: USB 1.1 'Open' Host Controller (OHCI) Driver
[    1.150823] ohci-pci: OHCI PCI platform driver
[    1.151764] ohci-platform: OHCI generic platform driver
[    1.152993] uhci_hcd: USB Universal Host Controller Interface driver
[    1.154269] i8042: PNP: PS/2 Controller [PNP0303:PS2K,PNP0f03:PS2M] at 0x60,0x64 irq 1,12
[    1.156248] serio: i8042 KBD port at 0x60,0x64 irq 1
[    1.157850] serio: i8042 AUX port at 0x60,0x64 irq 12
[    1.160308] mousedev: PS/2 mouse device common for all mice
[    1.162400] input: AT Translated Set 2 keyboard as /devices/platform/i8042/serio0/input/input2
[    1.163979] rtc_cmos rtc_cmos: rtc core: registered rtc_cmos as rtc0
[    1.165770] rtc_cmos rtc_cmos: alarms up to one day, 114 bytes nvram
[    1.167082] i2c /dev entries driver
[    1.167778] device-mapper: uevent: version 1.0.3
[    1.169634] device-mapper: ioctl: 4.37.0-ioctl (2017-09-20) initialised: dm-devel@redhat.com
[    1.171715] ledtrig-cpu: registered to indicate activity on CPUs
[    1.173764] NET: Registered protocol family 10
[    1.181804] Segment Routing with IPv6
[    1.183048] NET: Registered protocol family 17
[    1.184714] Key type dns_resolver registered
[    1.192137] mce: Using 0 MCE banks
[    1.193253] RAS: Correctable Errors collector initialized.
[    1.194902] sched_clock: Marking stable (1192093368, 0)->(1757449152, -565355784)
[    1.198062] registered taskstats version 1
[    1.198919] Loading compiled-in X.509 certificates
[    1.202583] Loaded X.509 cert 'Build time autogenerated kernel key: af04d57e94487e4500da7630f19b69a59e91d95a'
[    1.205298] Loaded X.509 cert 'Canonical Ltd. Live Patch Signing: 14df34d1a87cf37625abec039ef2bf521249b969'
[    1.208674] Loaded X.509 cert 'Canonical Ltd. Kernel Module Signing: 88f752e560a1e0737e31163a466ad7b70a850c19'
[    1.210666] blacklist: Loading compiled-in revocation X.509 certificates
[    1.211788] Loaded X.509 cert 'Canonical Ltd. Secure Boot Signing: 61482aa2830d0ab2ad5af10b7250da9033ddcef0'
[    1.213502] zswap: loaded using pool lzo/zbud
[    1.217584] Key type big_key registered
[    1.218333] Key type trusted registered
[    1.220393] Key type encrypted registered
[    1.221109] AppArmor: AppArmor sha1 policy hashing enabled
[    1.221908] ima: No TPM chip found, activating TPM-bypass! (rc=-19)
[    1.222934] ima: Allocated hash algorithm: sha1
[    1.223637] evm: HMAC attrs: 0x1
[    1.224493]   Magic number: 6:412:287
[    1.225114] tty tty20: hash matches
[    1.225701] acpi PNP0400:00: hash matches
[    1.226391] rtc_cmos rtc_cmos: setting system clock to 2022-09-13 16:16:30 UTC (1663085790)
[    1.227809] BIOS EDD facility v0.16 2004-Jun-25, 0 devices found
[    1.228809] EDD information not available.
[    1.334504] Freeing unused kernel image memory: 2468K
[    1.909188] Write protecting the kernel read-only data: 20480k
[    1.914086] Freeing unused kernel image memory: 2008K
[    1.917272] Freeing unused kernel image memory: 1820K
[    1.928434] x86/mm: Checked W+X mappings: passed, no W+X pages found.
Loading, please wait...
starting version 237
[    2.018059] e1000: Intel(R) PRO/1000 Network Driver - version 7.3.21-k8-NAPI
[    2.019473] e1000: Copyright (c) 1999-2006 Intel Corporation.
[    2.021027] Fusion MPT base driver 3.04.20
[    2.022905] Copyright (c) 1999-2008 LSI Corporation
[    2.033476] Fusion MPT SPI Host driver 3.04.20
[    2.042200] AVX2 version of gcm_enc/dec engaged.
[    2.043336] AES CTR mode by8 optimization enabled
[    2.249340] input: ImExPS/2 Generic Explorer Mouse as /devices/platform/i8042/serio1/input/input4
[    2.461380] e1000 0000:00:03.0 eth0: (PCI:33MHz:32-bit) 02:a0:66:c7:c8:08
[    2.463858] e1000 0000:00:03.0 eth0: Intel(R) PRO/1000 Network Connection
[    2.467942] mptbase: ioc0: Initiating bringup
[    2.471202] e1000 0000:00:03.0 enp0s3: renamed from eth0
[    3.058447] ioc0: LSI53C1030 A0: Capabilities={Initiator}
[    5.058183] scsi host2: ioc0: LSI53C1030 A0, FwRev=00000000h, Ports=1, MaxQ=256, IRQ=20
[    6.277358] scsi 2:0:0:0: Direct-Access     VBOX     HARDDISK         1.0  PQ: 0 ANSI: 5
[    6.316588] scsi target2:0:0: Beginning Domain Validation
[    6.322277] scsi target2:0:0: Domain Validation skipping write tests
[    6.324205] scsi target2:0:0: Ending Domain Validation
[    6.326032] scsi target2:0:0: asynchronous
[    6.328529] scsi 2:0:1:0: Direct-Access     VBOX     HARDDISK         1.0  PQ: 0 ANSI: 5
[    6.369061] scsi target2:0:1: Beginning Domain Validation
[    6.391461] random: fast init done
[    6.392993] scsi target2:0:1: Domain Validation skipping write tests
[    6.394465] scsi target2:0:1: Ending Domain Validation
[    6.395983] scsi target2:0:1: asynchronous
[    6.402387] random: systemd-udevd: uninitialized urandom read (16 bytes read)
[    6.404479] random: systemd-udevd: uninitialized urandom read (16 bytes read)
[    6.405792] random: systemd-udevd: uninitialized urandom read (16 bytes read)
[    6.407632] sd 2:0:0:0: Attached scsi generic sg0 type 0
[    6.407662] sd 2:0:0:0: [sda] 83886080 512-byte logical blocks: (42.9 GB/40.0 GiB)
[    6.409773] sd 2:0:1:0: Attached scsi generic sg1 type 0
[    6.410476] sd 2:0:0:0: [sda] Write Protect is off
[    6.412766] sd 2:0:1:0: [sdb] 20480 512-byte logical blocks: (10.5 MB/10.0 MiB)
[    6.412820] sd 2:0:0:0: [sda] Incomplete mode parameter data
[    6.415867] sd 2:0:0:0: [sda] Assuming drive cache: write through
[    6.415900] sd 2:0:1:0: [sdb] Write Protect is off
[    6.419695] sd 2:0:1:0: [sdb] Incomplete mode parameter data
[    6.421500] sd 2:0:1:0: [sdb] Assuming drive cache: write through
[    6.421766]  sda: sda1
[    6.425434] sd 2:0:0:0: [sda] Attached SCSI disk
[    6.429827] sd 2:0:1:0: [sdb] Attached SCSI disk
Begin: Loading essential drivers ... [    8.136049] raid6: sse2x1   gen()  9766 MB/s
[    8.184121] raid6: sse2x1   xor()  5835 MB/s
[    8.232051] raid6: sse2x2   gen() 15065 MB/s
[    8.280167] raid6: sse2x2   xor() 10348 MB/s
[    8.328135] raid6: sse2x4   gen() 16213 MB/s
[    8.376215] raid6: sse2x4   xor()  5784 MB/s
[    8.424231] raid6: avx2x1   gen() 20348 MB/s
[    8.472258] raid6: avx2x1   xor() 11291 MB/s
[    8.520250] raid6: avx2x2   gen() 21773 MB/s
[    8.568051] raid6: avx2x2   xor() 15751 MB/s
[    8.616165] raid6: avx2x4   gen() 26618 MB/s
[    8.664136] raid6: avx2x4   xor() 10172 MB/s
[    8.664931] raid6: using algorithm avx2x4 gen() 26618 MB/s
[    8.665809] raid6: .... xor() 10172 MB/s, rmw enabled
[    8.666683] raid6: using avx2x2 recovery algorithm
[    8.668647] xor: automatically using best checksumming function   avx       
[    8.671003] async_tx: api initialized (async)
done.
Begin: Running /scripts/init-premount ... done.
Begin: Mounting root file system ... Begin: Running /scripts/local-top ... done.
Begin: Running /scripts/local-premount ... [    8.727839] Btrfs loaded, crc32c=crc32c-intel
Scanning for Btrfs filesystems
done.
Warning: fsck not present, so skipping root file system
[    8.754456] EXT4-fs (sda1): mounted filesystem with ordered data mode. Opts: (null)
done.
Begin: Running /scripts/local-bottom ... done.
Begin: Running /scripts/init-bottom ... done.
[    8.932425] ip_tables: (C) 2000-2006 Netfilter Core Team
[    8.941756] systemd[1]: systemd 237 running in system mode. (+PAM +AUDIT +SELINUX +IMA +APPARMOR +SMACK +SYSVINIT +UTMP +LIBCRYPTSETUP +GCRYPT +GNUTLS +ACL +XZ +LZ4 +SECCOMP +BLKID +ELFUTILS +KMOD -IDN2 +IDN -PCRE2 default-hierarchy=hybrid)
[    8.945086] systemd[1]: Detected virtualization oracle.
[    8.946373] systemd[1]: Detected architecture x86-64.

Welcome to [1mUbuntu 18.04.6 LTS[0m!

[    8.956485] systemd[1]: Set hostname to <ubuntu>.
[    8.959465] systemd[1]: Initializing machine ID from random generator.
[    8.960603] systemd[1]: Installed transient /etc/machine-id file.
[    9.382193] systemd[1]: Reached target System Time Synchronized.
[[0;32m  OK  [0m] Reached target System Time Synchronized.
[    9.401448] systemd[1]: Created slice System Slice.
[[0;32m  OK  [0m] Created slice System Slice.
[    9.416984] systemd[1]: Listening on udev Kernel Socket.
[[0;32m  OK  [0m] Listening on udev Kernel Socket.
[    9.421116] systemd[1]: Listening on Journal Socket.
[[0;32m  OK  [0m] Listening on Journal Socket.
         Starting Uncomplicated firewall...
[[0;32m  OK  [0m] Listening on Device-mapper event daemon FIFOs.
[[0;32m  OK  [0m] Listening on LVM2 poll daemon socket.
[[0;32m  OK  [0m] Reached target User and Group Name Lookups.
         Starting Set the console keyboard layout...
[[0;32m  OK  [0m] Set up automount Arbitrary Executab…rmats File System Automount Point.
[[0;32m  OK  [0m] Created slice system-serial\x2dgetty.slice.
[[0;32m  OK  [0m] Listening on Network Service Netlink Socket.
         Mounting Kernel Debug File System...
[[0;32m  OK  [0m] Listening on /dev/initctl Compatibility Named Pipe.
[[0;32m  OK  [0m] Listening on udev Control Socket.
         Starting Load Kernel Modules...
[[0;32m  OK  [0m] Started Forward Password Requests to Wall Directory Watch.
         Mounting POSIX Message Queue File System...
         Starting udev Coldplug all Devices...
         Mounting Huge Pages File System...
[[0;32m  OK  [0m] Listening on LVM2 metadata daemon socket.
         Starting Monitoring of LVM2 mirrors…ng dmeventd or progress polling...
[[0;32m  OK  [0m] Listening on Syslog Socket.
[[0;32m  OK  [0m] Listening on Journal Audit Socket.
[    9.536350] Loading iSCSI transport class v2.0-870.
[[0;32m  OK  [0m] Created slice User and Session Slice.
[    9.547523] iscsi: registered transport (tcp)
[[0;32m  OK  [0m] Reached target Slices.
[[0;32m  OK  [0m] Listening on fsck to fsckd communication Socket.
[[0;32m  OK  [0m] Listening on Journal Socket (/dev/log).
         Starting Journal Service...
[[0;32m  OK  [0m] Reached target Swap.
         Starting Create list of required st…ce nodes for the current kernel...
         Starting File System Check on Root Device...
[[0;32m  OK  [0m] Started Uncomplicated firewall.
[[0;32m  OK  [0m] Mounted Kernel Debug File System.
[[0;32m  OK  [0m] Mounted POSIX Message Queue File System.
[[0;32m  OK  [0m] Mounted Huge Pages File System.
[[0;32m  OK  [0m] Started LVM2 metadata daemon.
[[0;32m  OK  [0m] Started Create list of required sta…vice nodes for the current kernel.
         Starting Create Static Device Nodes in /dev...
[    9.638477] iscsi: registered transport (iser)
[[0;32m  OK  [0m] Started Load Kernel Modules.
         Starting Apply Kernel Variables...
         Mounting FUSE Control File System...
         Mounting Kernel Configuration File System...
[[0;32m  OK  [0m] Started udev Coldplug all Devices.
[[0;32m  OK  [0m] Mounted FUSE Control File System.
[[0;32m  OK  [0m] Mounted Kernel Configuration File System.
[[0;32m  OK  [0m] Started File System Check Daemon to report status.
[[0;32m  OK  [0m] Started Journal Service.
[[0;32m  OK  [0m] Started Create Static Device Nodes in /dev.
[[0;32m  OK  [0m] Started Monitoring of LVM2 mirrors,…sing dmeventd or progress polling.
[[0;32m  OK  [0m] Started File System Check on Root Device.
[[0;32m  OK  [0m] Started Apply Kernel Variables.
         Starting Remount Root and Kernel File Systems...
[[0;32m  OK  [0m] Started Remount Root and Kernel File Systems.
         Starting udev Kernel Device Manager...
         Starting Flush Journal to Persistent Storage...
         Starting Load/Save Random Seed...
[[0;32m  OK  [0m] Started Load/Save Random Seed.
[[0;32m  OK  [0m] Started udev Kernel Device Manager.
[[0;32m  OK  [0m] Started Flush Journal to Persistent Storage.
[[0;32m  OK  [0m] Found device /dev/ttyS0.
[[0;32m  OK  [0m] Listening on Load/Save RF Kill Switch Status /dev/rfkill Watch.
[[0;32m  OK  [0m] Started Set the console keyboard layout.
[[0;32m  OK  [0m] Started Dispatch Password Requests to Console Directory Watch.
[[0;32m  OK  [0m] Reached target Local Encrypted Volumes.
[[0;32m  OK  [0m] Reached target Local File Systems (Pre).
[[0;32m  OK  [0m] Reached target Local File Systems.
         Starting Create Volatile Files and Directories...
         Starting Set console font and keymap...
         Starting Tell Plymouth To Write Out Runtime Data...
         Starting Commit a transient machine-id on disk...
         Starting AppArmor initialization...
         Starting ebtables ruleset management...
[[0;32m  OK  [0m] Started Create Volatile Files and Directories.
         Starting Update UTMP about System Boot/Shutdown...
[[0;32m  OK  [0m] Started Tell Plymouth To Write Out Runtime Data.
[[0;32m  OK  [0m] Started Update UTMP about System Boot/Shutdown.
[[0;32m  OK  [0m] Started ebtables ruleset management.
[[0;32m  OK  [0m] Started Commit a transient machine-id on disk.
[[0;32m  OK  [0m] Started AppArmor initialization.
         Starting Load AppArmor profiles managed internally by snapd...
         Starting Initial cloud-init job (pre-networking)...
[[0;32m  OK  [0m] Started Load AppArmor profiles managed internally by snapd.
[[0;32m  OK  [0m] Started Set console font and keymap.
[   14.483043] cloud-init[718]: Cloud-init v. 22.2-0ubuntu1~18.04.3 running 'init-local' at Tue, 13 Sep 2022 16:16:43 +0000. Up 13.85 seconds.
[[0;32m  OK  [0m] Started Initial cloud-init job (pre-networking).
[[0;32m  OK  [0m] Reached target Network (Pre).
         Starting Network Service...
[[0;32m  OK  [0m] Started Network Service.
         Starting Network Name Resolution...
         Starting Wait for Network to be Configured...
[[0;32m  OK  [0m] Started Network Name Resolution.
[[0;32m  OK  [0m] Reached target Network.
[[0;32m  OK  [0m] Reached target Host and Network Name Lookups.
[[0;32m  OK  [0m] Started Wait for Network to be Configured.
         Starting Initial cloud-init job (metadata service crawler)...
[   17.195469] cloud-init[1016]: Cloud-init v. 22.2-0ubuntu1~18.04.3 running 'init' at Tue, 13 Sep 2022 16:16:46 +0000. Up 16.94 seconds.
[   17.197311] cloud-init[1016]: ci-info: ++++++++++++++++++++++++++++++++++++++Net device info++++++++++++++++++++++++++++++++++++++
[   17.208522] cloud-init[1016]: ci-info: +--------+------+----------------------------+---------------+--------+-------------------+
[   17.220622] cloud-init[1016]: ci-info: | Device |  Up  |          Address           |      Mask     | Scope  |     Hw-Address    |
[   17.232299] cloud-init[1016]: ci-info: +--------+------+----------------------------+---------------+--------+-------------------+
[   17.233701] cloud-init[1016]: ci-info: | enp0s3 | True |         10.0.2.15          | 255.255.255.0 | global | 02:a0:66:c7:c8:08 |
[   17.235034] cloud-init[1016]: ci-info: | enp0s3 | True | fe80::a0:66ff:fec7:c808/64 |       .       |  link  | 02:a0:66:c7:c8:08 |
[   17.236815] cloud-init[1016]: ci-info: |   lo   | True |         127.0.0.1          |   255.0.0.0   |  host  |         .         |
[   17.237879] cloud-init[1016]: ci-info: |   lo   | True |          ::1/128           |       .       |  host  |         .         |
[   17.242668] cloud-init[1016]: ci-info: +--------+------+----------------------------+---------------+--------+-------------------+
[   17.257971] cloud-init[1016]: ci-info: ++++++++++++++++++++++++++++Route IPv4 info+++++++++++++++++++++++++++++
[   17.259874] cloud-init[1016]: ci-info: +-------+-------------+----------+-----------------+-----------+-------+
[   17.261918] cloud-init[1016]: ci-info: | Route | Destination | Gateway  |     Genmask     | Interface | Flags |
[   17.264451] cloud-init[1016]: ci-info: +-------+-------------+----------+-----------------+-----------+-------+
[   17.266761] cloud-init[1016]: ci-info: |   0   |   0.0.0.0   | 10.0.2.2 |     0.0.0.0     |   enp0s3  |   UG  |
[   17.269167] cloud-init[1016]: ci-info: |   1   |   10.0.2.0  | 0.0.0.0  |  255.255.255.0  |   enp0s3  |   U   |
[   17.280381] cloud-init[1016]: ci-info: |   2   |   10.0.2.2  | 0.0.0.0  | 255.255.255.255 |   enp0s3  |   UH  |
[   17.282061] cloud-init[1016]: ci-info: +-------+-------------+----------+-----------------+-----------+-------+
[   17.284317] cloud-init[1016]: ci-info: +++++++++++++++++++Route IPv6 info+++++++++++++++++++
[   17.286641] cloud-init[1016]: ci-info: +-------+-------------+---------+-----------+-------+
[   17.289623] cloud-init[1016]: ci-info: | Route | Destination | Gateway | Interface | Flags |
[   17.291854] cloud-init[1016]: ci-info: +-------+-------------+---------+-----------+-------+
[   17.305182] cloud-init[1016]: ci-info: |   1   |  fe80::/64  |    ::   |   enp0s3  |   U   |
[   17.308629] cloud-init[1016]: ci-info: |   3   |    local    |    ::   |   enp0s3  |   U   |
[   17.310126] cloud-init[1016]: ci-info: |   4   |   ff00::/8  |    ::   |   enp0s3  |   U   |
[   17.312385] cloud-init[1016]: ci-info: +-------+-------------+---------+-----------+-------+
[   18.301264] cloud-init[1016]: Generating public/private rsa key pair.
[   18.302699] cloud-init[1016]: Your identification has been saved in /etc/ssh/ssh_host_rsa_key.
[   18.305091] cloud-init[1016]: Your public key has been saved in /etc/ssh/ssh_host_rsa_key.pub.
[   18.317447] cloud-init[1016]: The key fingerprint is:
[   18.318665] cloud-init[1016]: SHA256:Q1vnFbV/qXAT9Ki4xFd7xszKMql9R7BqpANgXX+nEzM root@ubuntu-bionic
[   18.321064] cloud-init[1016]: The key's randomart image is:
[   18.322837] cloud-init[1016]: +---[RSA 2048]----+
[   18.324331] cloud-init[1016]: |             ....|
[   18.325661] cloud-init[1016]: |         .  . o..|
[   18.327088] cloud-init[1016]: |      . o o .+.o |
[   18.328684] cloud-init[1016]: |     o o.o.+oE*.o|
[   18.330067] cloud-init[1016]: |    . . S+ +o+OBo|
[   18.331460] cloud-init[1016]: |       ...o.=+*..|
[   18.332668] cloud-init[1016]: |        ..o+.+o  |
[   18.334010] cloud-init[1016]: |         oooo. . |
[   18.335099] cloud-init[1016]: |         .o.. .  |
[   18.335850] cloud-init[1016]: +----[SHA256]-----+
[   18.336730] cloud-init[1016]: Generating public/private dsa key pair.
[   18.337981] cloud-init[1016]: Your identification has been saved in /etc/ssh/ssh_host_dsa_key.
[   18.339678] cloud-init[1016]: Your public key has been saved in /etc/ssh/ssh_host_dsa_key.pub.
[   18.347384] cloud-init[1016]: The key fingerprint is:
[   18.349451] cloud-init[1016]: SHA256:aeIOmZRVcu/nKpTHVedOEzDAoJ/KGRoGH+x4hK7W/ZM root@ubuntu-bionic
[   18.354432] cloud-init[1016]: The key's randomart image is:
[   18.356369] cloud-init[1016]: +---[DSA 1024]----+
[   18.357002] cloud-init[1016]: |      . o.o..o.  |
[   18.362903] cloud-init[1016]: |    o  +.. .  o..|
[   18.363563] cloud-init[1016]: |   o +..  .  . o.|
[   18.364167] cloud-init[1016]: |  . *o. .o. .  .o|
[   18.364708] cloud-init[1016]: |   oo*..S=...  o.|
[   18.365264] cloud-init[1016]: |  o.+++o* oo    .|
[   18.365820] cloud-init[1016]: | o .+o.=..  .    |
[   18.366336] cloud-init[1016]: |.    o.E.  .     |
[   18.366867] cloud-init[1016]: |      .....      |
[   18.376312] cloud-init[1016]: +----[SHA256]-----+
[   18.377374] cloud-init[1016]: Generating public/private ecdsa key pair.
[   18.378321] cloud-init[1016]: Your identification has been saved in /etc/ssh/ssh_host_ecdsa_key.
[   18.379575] cloud-init[1016]: Your public key has been saved in /etc/ssh/ssh_host_ecdsa_key.pub.
[   18.380871] cloud-init[1016]: The key fingerprint is:
[   18.381612] cloud-init[1016]: SHA256:RDMAFu+/CoeNipnJdi1epNbvYCeC7c7lv4+M2ZUPtd4 root@ubuntu-bionic
[   18.382666] cloud-init[1016]: The key's randomart image is:
[   18.392357] cloud-init[1016]: +---[ECDSA 256]---+
[   18.392929] cloud-init[1016]: |    +o..+        |
[   18.393685] cloud-init[1016]: |   . . . o       |
[   18.394360] cloud-init[1016]: |      . .        |
[   18.395126] cloud-init[1016]: |     . .         |
[   18.395865] cloud-init[1016]: |     .. S  .     |
[   18.396632] cloud-init[1016]: |  o ++ .  o .    |
[   18.397625] cloud-init[1016]: | . ==Bo..+ .     |
[   18.398407] cloud-init[1016]: |.*++*+X o.+ .    |
[   18.399337] cloud-init[1016]: |*.==.++X+. o E   |
[   18.400033] cloud-init[1016]: +----[SHA256]-----+
[   18.400852] cloud-init[1016]: Generating public/private ed25519 key pair.
[   18.402049] cloud-init[1016]: Your identification has been saved in /etc/ssh/ssh_host_ed25519_key.
[   18.412284] cloud-init[1016]: Your public key has been saved in /etc/ssh/ssh_host_ed25519_key.pub.
[   18.413558] cloud-init[1016]: The key fingerprint is:
[   18.414301] cloud-init[1016]: SHA256:6owUDWGSLfuj5erFdCfCx6l4v7dHc+yVIomRrr5WtYE root@ubuntu-bionic
[   18.415931] cloud-init[1016]: The key's randomart image is:
[   18.417065] cloud-init[1016]: +--[ED25519 256]--+
[   18.418359] cloud-init[1016]: |  .oo            |
[   18.420156] cloud-init[1016]: |  oo..           |
[   18.421091] cloud-init[1016]: |   o.    o       |
[   18.422243] cloud-init[1016]: |  .. + .E o      |
[   18.423015] cloud-init[1016]: |   .= B.S+ =   . |
[   18.423716] cloud-init[1016]: |   ++* ++ * + o  |
[   18.424429] cloud-init[1016]: |  .+*..o . = o   |
[   18.425189] cloud-init[1016]: |  .+.=o . . .    |
[   18.425887] cloud-init[1016]: | .o..oB+.o       |
[   18.426516] cloud-init[1016]: +----[SHA256]-----+
[[0;32m  OK  [0m] Started Initial cloud-init job (metadata service crawler).
[[0;32m  OK  [0m] Reached target Cloud-config availability.
[[0;32m  OK  [0m] Reached target System Initialization.
[[0;32m  OK  [0m] Listening on Open-iSCSI iscsid Socket.
[[0;32m  OK  [0m] Started Message of the Day.
[[0;32m  OK  [0m] Started ACPI Events Check.
[[0;32m  OK  [0m] Reached target Paths.
[[0;32m  OK  [0m] Started Daily apt download activities.
[[0;32m  OK  [0m] Started Daily Cleanup of Temporary Directories.
         Starting LXD - unix socket.
[[0;32m  OK  [0m] Listening on ACPID Listen Socket.
[[0;32m  OK  [0m] Started Daily apt upgrade and clean activities.
         Starting Socket activation for snappy daemon.
[[0;32m  OK  [0m] Listening on UUID daemon activation socket.
[[0;32m  OK  [0m] Listening on D-Bus System Message Bus Socket.
[[0;32m  OK  [0m] Started Discard unused blocks once a week.
[[0;32m  OK  [0m] Listening on cloud-init hotplug hook socket.
[[0;32m  OK  [0m] Started Ubuntu Advantage Timer for running repeated jobs.
[[0;32m  OK  [0m] Reached target Timers.
[[0;32m  OK  [0m] Reached target Network is Online.
         Starting Availability of block devices...
[[0;32m  OK  [0m] Reached target Remote File Systems (Pre).
[[0;32m  OK  [0m] Reached target Remote File Systems.
[[0;32m  OK  [0m] Listening on LXD - unix socket.
[[0;32m  OK  [0m] Listening on Socket activation for snappy daemon.
[[0;32m  OK  [0m] Reached target Sockets.
[[0;32m  OK  [0m] Reached target Basic System.
         Starting LXD - container startup/shutdown...
         Starting LSB: automatic crash report generation...
         Starting Virtualbox guest utils...
         Starting Login Service...
         Starting System Logging Service...
         Starting Pollinate to seed the pseudo random number generator...
         Starting LSB: Record successful boot for GRUB...
[[0;32m  OK  [0m] Started Deferred execution scheduler.
         Starting Permit User Sessions...
[[0;32m  OK  [0m] Started Regular background program processing daemon.
         Starting Snap Daemon...
[[0;32m  OK  [0m] Started irqbalance daemon.
         Starting Dispatcher daemon for systemd-networkd...
[[0;32m  OK  [0m] Started FUSE filesystem for LXC.
         Starting Accounts Service...
[[0;32m  OK  [0m] Started D-Bus System Message Bus.
[[0;32m  OK  [0m] Started Login Service.
[[0;32m  OK  [0m] Started Unattended Upgrades Shutdown.
[[0;32m  OK  [0m] Started System Logging Service.
[[0;32m  OK  [0m] Started Availability of block devices.
[[0;32m  OK  [0m] Started Permit User Sessions.
         Starting Hold until boot process finishes up...
         Starting Terminate Plymouth Boot Screen...
[[0;32m  OK  [0m] Started Hold until boot process finishes up.
[[0;32m  OK  [0m] Started Serial Getty on ttyS0.
         Starting Set console scheme...
[[0;32m  OK  [0m] Started Terminate Plymouth Boot Screen.
[[0;32m  OK  [0m] Started LSB: automatic crash report generation.
[[0;32m  OK  [0m] Started Set console scheme.
[[0;32m  OK  [0m] Created slice system-getty.slice.
[[0;32m  OK  [0m] Started Getty on tty1.
[[0;32m  OK  [0m] Reached target Login Prompts.
         Starting Authorization Manager...
[[0;32m  OK  [0m] Started LSB: Record successful boot for GRUB.
[[0;32m  OK  [0m] Started Virtualbox guest utils.
[[0;32m  OK  [0m] Started LXD - container startup/shutdown.
[[0;32m  OK  [0m] Started Authorization Manager.
[[0;32m  OK  [0m] Started Accounts Service.
[[0;32m  OK  [0m] Started Dispatcher daemon for systemd-networkd.
[[0;32m  OK  [0m] Started Snap Daemon.
         Starting Wait until snapd is fully seeded...
         Starting Time & Date Service...
[[0;32m  OK  [0m] Started Time & Date Service.
[[0;32m  OK  [0m] Started Wait until snapd is fully seeded.
         Starting Apply the settings specified in cloud-config...
[[0;32m  OK  [0m] Started Pollinate to seed the pseudo random number generator.
         Starting OpenBSD Secure Shell server...
[[0;32m  OK  [0m] Started OpenBSD Secure Shell server.
[[0;32m  OK  [0m] Created slice User Slice of vagrant.
         Starting User Manager for UID 1000...
[[0;32m  OK  [0m] Started Session 1 of user vagrant.
[[0;32m  OK  [0m] Started User Manager for UID 1000.
[   21.538740] cloud-init[1539]: Cloud-init v. 22.2-0ubuntu1~18.04.3 running 'modules:config' at Tue, 13 Sep 2022 16:16:50 +0000. Up 20.89 seconds.
[[0;32m  OK  [0m] Started Apply the settings specified in cloud-config.
[[0;32m  OK  [0m] Reached target Multi-User System.
[[0;32m  OK  [0m] Reached target Graphical Interface.
         Starting Update UTMP about System Runlevel Changes...
         Starting Execute cloud user/final scripts...
[[0;32m  OK  [0m] Started Update UTMP about System Runlevel Changes.
ci-info: no authorized SSH keys fingerprints found for user ubuntu.
<14>Sep 13 16:16:51 cloud-init: #############################################################
<14>Sep 13 16:16:51 cloud-init: -----BEGIN SSH HOST KEY FINGERPRINTS-----
<14>Sep 13 16:16:51 cloud-init: 1024 SHA256:aeIOmZRVcu/nKpTHVedOEzDAoJ/KGRoGH+x4hK7W/ZM root@ubuntu-bionic (DSA)
<14>Sep 13 16:16:51 cloud-init: 256 SHA256:RDMAFu+/CoeNipnJdi1epNbvYCeC7c7lv4+M2ZUPtd4 root@ubuntu-bionic (ECDSA)
<14>Sep 13 16:16:51 cloud-init: 256 SHA256:6owUDWGSLfuj5erFdCfCx6l4v7dHc+yVIomRrr5WtYE root@ubuntu-bionic (ED25519)
<14>Sep 13 16:16:51 cloud-init: 2048 SHA256:Q1vnFbV/qXAT9Ki4xFd7xszKMql9R7BqpANgXX+nEzM root@ubuntu-bionic (RSA)
<14>Sep 13 16:16:51 cloud-init: -----END SSH HOST KEY FINGERPRINTS-----
<14>Sep 13 16:16:51 cloud-init: #############################################################
-----BEGIN SSH HOST KEY KEYS-----
ecdsa-sha2-nistp256 AAAAE2VjZHNhLXNoYTItbmlzdHAyNTYAAAAIbmlzdHAyNTYAAABBBCdFbKj+njb3emaGFJiaNFpL2msT2br4uwsyYe15jNQX4WSFghoc7tZXoUs+0y7oHgU25kUPYYZRW7pxH9349PY= root@ubuntu-bionic
ssh-ed25519 AAAAC3NzaC1lZDI1NTE5AAAAIL6NjV8w9XR2KPkFasVdravPQg2hdjSqwh28J/rfpVW+ root@ubuntu-bionic
ssh-rsa AAAAB3NzaC1yc2EAAAADAQABAAABAQChpbjIG1wXgn77XOfH0Qn+hvGdP0s5huJ6v5/eMdTkeSsUxao9UNFwVpzPn/tjrV2NOTwfq9UeRljb3L4DR1B3ANQ399/AXgBFTn1Ns8qVZIJbBbgcM8NnR2DgFAr+ZH3pho4fGFzFMxeje6UjB8qPQPcZnVHBvAxK6LvF0ZCBRq8Bcz0epLHHtn95wpTsuvRQw/Y0rvZ3Ufh0cZ4ydbm8QD0xJEyGU/kLN9kvm3pXgq3Iv5GwB70+IfNQz9PIfxw1p84k5dthenp0TgG318OL1Duhh4RQPc1GlgWKW4SPLmBvvl7sc8J5TMozPMBSoHjms8RfwRMLI0lpFs78EaMF root@ubuntu-bionic
-----END SSH HOST KEY KEYS-----
[   22.513835] cloud-init[1675]: Cloud-init v. 22.2-0ubuntu1~18.04.3 running 'modules:final' at Tue, 13 Sep 2022 16:16:51 +0000. Up 22.20 seconds.
[   22.515892] cloud-init[1675]: Cloud-init v. 22.2-0ubuntu1~18.04.3 finished at Tue, 13 Sep 2022 16:16:51 +0000. Datasource DataSourceNoCloud [seed=/dev/sdb][dsmode=net].  Up 22.50 seconds
[[0;32m  OK  [0m] Started Execute cloud user/final scripts.
[[0;32m  OK  [0m] Reached target Cloud-init target.

Ubuntu 18.04.6 LTS ubuntu-bionic ttyS0

ubuntu-bionic login: 