[    0.000000] Linux version 4.15.0-192-generic (buildd@lcy02-amd64-029) (gcc version 7.5.0 (Ubuntu 7.5.0-3ubuntu1~18.04)) #203-Ubuntu SMP Wed Aug 10 17:40:03 UTC 2022 (Ubuntu 4.15.0-192.203-generic 4.15.18)
[    0.000000] Command line: BOOT_IMAGE=/boot/vmlinuz-4.15.0-192-generic root=LABEL=cloudimg-rootfs ro console=tty1 console=ttyS0
[    0.000000] KERNEL supported cpus:
[    0.000000]   Intel GenuineIntel
[    0.000000]   AMD AuthenticAMD
[    0.000000]   Centaur CentaurHauls
[    0.000000] x86/fpu: Supporting XSAVE feature 0x001: 'x87 floating point registers'
[    0.000000] x86/fpu: Supporting XSAVE feature 0x002: 'SSE registers'
[    0.000000] x86/fpu: Supporting XSAVE feature 0x004: 'AVX registers'
[    0.000000] x86/fpu: xstate_offset[2]:  576, xstate_sizes[2]:  256
[    0.000000] x86/fpu: Enabled xstate features 0x7, context size is 832 bytes, using 'standard' format.
[    0.000000] e820: BIOS-provided physical RAM map:
[    0.000000] BIOS-e820: [mem 0x0000000000000000-0x000000000009fbff] usable
[    0.000000] BIOS-e820: [mem 0x000000000009fc00-0x000000000009ffff] reserved
[    0.000000] BIOS-e820: [mem 0x00000000000f0000-0x00000000000fffff] reserved
[    0.000000] BIOS-e820: [mem 0x0000000000100000-0x00000000dffeffff] usable
[    0.000000] BIOS-e820: [mem 0x00000000dfff0000-0x00000000dfffffff] ACPI data
[    0.000000] BIOS-e820: [mem 0x00000000fec00000-0x00000000fec00fff] reserved
[    0.000000] BIOS-e820: [mem 0x00000000fee00000-0x00000000fee00fff] reserved
[    0.000000] BIOS-e820: [mem 0x00000000fffc0000-0x00000000ffffffff] reserved
[    0.000000] BIOS-e820: [mem 0x0000000100000000-0x000000011fffffff] usable
[    0.000000] NX (Execute Disable) protection: active
[    0.000000] SMBIOS 2.5 present.
[    0.000000] DMI: innotek GmbH VirtualBox/VirtualBox, BIOS VirtualBox 12/01/2006
[    0.000000] Hypervisor detected: KVM
[    0.000000] e820: last_pfn = 0x120000 max_arch_pfn = 0x400000000
[    0.000000] MTRR: Disabled
[    0.000000] x86/PAT: MTRRs disabled, skipping PAT initialization too.
[    0.000000] CPU MTRRs all blank - virtualized system.
[    0.000000] x86/PAT: Configuration [0-7]: WB  WT  UC- UC  WB  WT  UC- UC  
[    0.000000] e820: last_pfn = 0xdfff0 max_arch_pfn = 0x400000000
[    0.000000] found SMP MP-table at [mem 0x0009fff0-0x0009ffff]
[    0.000000] Scanning 1 areas for low memory corruption
[    0.000000] RAMDISK: [mem 0x359cb000-0x36cdcfff]
[    0.000000] ACPI: Early table checksum verification disabled
[    0.000000] ACPI: RSDP 0x00000000000E0000 000024 (v02 VBOX  )
[    0.000000] ACPI: XSDT 0x00000000DFFF0030 00003C (v01 VBOX   VBOXXSDT 00000001 ASL  00000061)
[    0.000000] ACPI: FACP 0x00000000DFFF00F0 0000F4 (v04 VBOX   VBOXFACP 00000001 ASL  00000061)
[    0.000000] ACPI: DSDT 0x00000000DFFF0480 002327 (v02 VBOX   VBOXBIOS 00000002 INTL 20220331)
[    0.000000] ACPI: FACS 0x00000000DFFF0200 000040
[    0.000000] ACPI: FACS 0x00000000DFFF0200 000040
[    0.000000] ACPI: APIC 0x00000000DFFF0240 00006C (v02 VBOX   VBOXAPIC 00000001 ASL  00000061)
[    0.000000] ACPI: SSDT 0x00000000DFFF02B0 0001CC (v01 VBOX   VBOXCPUT 00000002 INTL 20220331)
[    0.000000] ACPI: Reserving FACP table memory at [mem 0xdfff00f0-0xdfff01e3]
[    0.000000] ACPI: Reserving DSDT table memory at [mem 0xdfff0480-0xdfff27a6]
[    0.000000] ACPI: Reserving FACS table memory at [mem 0xdfff0200-0xdfff023f]
[    0.000000] ACPI: Reserving FACS table memory at [mem 0xdfff0200-0xdfff023f]
[    0.000000] ACPI: Reserving APIC table memory at [mem 0xdfff0240-0xdfff02ab]
[    0.000000] ACPI: Reserving SSDT table memory at [mem 0xdfff02b0-0xdfff047b]
[    0.000000] No NUMA configuration found
[    0.000000] Faking a node at [mem 0x0000000000000000-0x000000011fffffff]
[    0.000000] NODE_DATA(0) allocated [mem 0x11ffd1000-0x11fffbfff]
[    0.000000] kvm-clock: cpu 0, msr 1:1ff50001, primary cpu clock
[    0.000000] kvm-clock: Using msrs 4b564d01 and 4b564d00
[    0.000000] kvm-clock: using sched offset of 3296959687 cycles
[    0.000000] clocksource: kvm-clock: mask: 0xffffffffffffffff max_cycles: 0x1cd42e4dffb, max_idle_ns: 881590591483 ns
[    0.000000] Zone ranges:
[    0.000000]   DMA      [mem 0x0000000000001000-0x0000000000ffffff]
[    0.000000]   DMA32    [mem 0x0000000001000000-0x00000000ffffffff]
[    0.000000]   Normal   [mem 0x0000000100000000-0x000000011fffffff]
[    0.000000]   Device   empty
[    0.000000] Movable zone start for each node
[    0.000000] Early memory node ranges
[    0.000000]   node   0: [mem 0x0000000000001000-0x000000000009efff]
[    0.000000]   node   0: [mem 0x0000000000100000-0x00000000dffeffff]
[    0.000000]   node   0: [mem 0x0000000100000000-0x000000011fffffff]
[    0.000000] Reserved but unavailable: 104 pages
[    0.000000] Initmem setup node 0 [mem 0x0000000000001000-0x000000011fffffff]
[    0.000000] ACPI: PM-Timer IO Port: 0x4008
[    0.000000] IOAPIC[0]: apic_id 4, version 32, address 0xfec00000, GSI 0-23
[    0.000000] ACPI: INT_SRC_OVR (bus 0 bus_irq 0 global_irq 2 dfl dfl)
[    0.000000] ACPI: INT_SRC_OVR (bus 0 bus_irq 9 global_irq 9 low level)
[    0.000000] Using ACPI (MADT) for SMP configuration information
[    0.000000] smpboot: Allowing 4 CPUs, 0 hotplug CPUs
[    0.000000] PM: Registered nosave memory: [mem 0x00000000-0x00000fff]
[    0.000000] PM: Registered nosave memory: [mem 0x0009f000-0x0009ffff]
[    0.000000] PM: Registered nosave memory: [mem 0x000a0000-0x000effff]
[    0.000000] PM: Registered nosave memory: [mem 0x000f0000-0x000fffff]
[    0.000000] PM: Registered nosave memory: [mem 0xdfff0000-0xdfffffff]
[    0.000000] PM: Registered nosave memory: [mem 0xe0000000-0xfebfffff]
[    0.000000] PM: Registered nosave memory: [mem 0xfec00000-0xfec00fff]
[    0.000000] PM: Registered nosave memory: [mem 0xfec01000-0xfedfffff]
[    0.000000] PM: Registered nosave memory: [mem 0xfee00000-0xfee00fff]
[    0.000000] PM: Registered nosave memory: [mem 0xfee01000-0xfffbffff]
[    0.000000] PM: Registered nosave memory: [mem 0xfffc0000-0xffffffff]
[    0.000000] e820: [mem 0xe0000000-0xfebfffff] available for PCI devices
[    0.000000] Booting paravirtualized kernel on KVM
[    0.000000] clocksource: refined-jiffies: mask: 0xffffffff max_cycles: 0xffffffff, max_idle_ns: 7645519600211568 ns
[    0.000000] random: get_random_bytes called from start_kernel+0x99/0x500 with crng_init=0
[    0.000000] setup_percpu: NR_CPUS:8192 nr_cpumask_bits:4 nr_cpu_ids:4 nr_node_ids:1
[    0.000000] percpu: Embedded 50 pages/cpu s167936 r8192 d28672 u524288
[    0.000000] PV qspinlock hash table entries: 256 (order: 0, 4096 bytes)
[    0.000000] Built 1 zonelists, mobility grouping on.  Total pages: 1032057
[    0.000000] Policy zone: Normal
[    0.000000] Kernel command line: BOOT_IMAGE=/boot/vmlinuz-4.15.0-192-generic root=LABEL=cloudimg-rootfs ro console=tty1 console=ttyS0
[    0.000000] Memory: 4012856K/4193848K available (12300K kernel code, 2484K rwdata, 4324K rodata, 2468K init, 2724K bss, 180992K reserved, 0K cma-reserved)
[    0.000000] SLUB: HWalign=64, Order=0-3, MinObjects=0, CPUs=4, Nodes=1
[    0.000000] Kernel/User page tables isolation: enabled
[    0.000000] ftrace: allocating 39482 entries in 155 pages
[    0.004000] Hierarchical RCU implementation.
[    0.004000] 	RCU restricting CPUs from NR_CPUS=8192 to nr_cpu_ids=4.
[    0.004000] 	Tasks RCU enabled.
[    0.004000] RCU: Adjusting geometry for rcu_fanout_leaf=16, nr_cpu_ids=4
[    0.004000] NR_IRQS: 524544, nr_irqs: 456, preallocated irqs: 16
[    0.004000] Console: colour VGA+ 80x25
[    0.004000] console [tty1] enabled
[    0.004000] console [ttyS0] enabled
[    0.004000] ACPI: Core revision 20170831
[    0.004000] ACPI: 2 ACPI AML tables successfully acquired and loaded
[    0.004000] APIC: Switch to symmetric I/O mode setup
[    0.004000] x2apic enabled
[    0.004007] Switched APIC routing to physical x2apic.
[    0.005637] ..TIMER: vector=0x30 apic1=0 pin1=2 apic2=-1 pin2=-1
[    0.008002] tsc: Detected 1497.599 MHz processor
[    0.008621] Calibrating delay loop (skipped) preset value.. 2995.19 BogoMIPS (lpj=5990396)
[    0.012002] pid_max: default: 32768 minimum: 301
[    0.012656] Security Framework initialized
[    0.013209] Yama: becoming mindful.
[    0.013762] AppArmor: AppArmor initialized
[    0.016157] Dentry cache hash table entries: 524288 (order: 10, 4194304 bytes)
[    0.018421] Inode-cache hash table entries: 262144 (order: 9, 2097152 bytes)
[    0.020034] Mount-cache hash table entries: 8192 (order: 4, 65536 bytes)
[    0.021274] Mountpoint-cache hash table entries: 8192 (order: 4, 65536 bytes)
[    0.022722] Last level iTLB entries: 4KB 0, 2MB 0, 4MB 0
[    0.023629] Last level dTLB entries: 4KB 0, 2MB 0, 4MB 0, 1GB 0
[    0.024008] Spectre V1 : Mitigation: usercopy/swapgs barriers and __user pointer sanitization
[    0.025445] Spectre V2 : Mitigation: Retpolines
[    0.026213] Spectre V2 : Spectre v2 / SpectreRSB mitigation: Filling RSB on context switch
[    0.028002] Speculative Store Bypass: Vulnerable
[    0.028888] MDS: Mitigation: Clear CPU buffers
[    0.029659] MMIO Stale Data: Mitigation: Clear CPU buffers
[    0.030556] SRBDS: Unknown: Dependent on hypervisor status
[    0.032058] Freeing SMP alternatives memory: 36K
[    0.142905] smpboot: CPU0: Intel(R) Core(TM) i5-1035G7 CPU @ 1.20GHz (family: 0x6, model: 0x7e, stepping: 0x5)
[    0.144000] Performance Events: unsupported p6 CPU model 126 no PMU driver, software events only.
[    0.144000] Hierarchical SRCU implementation.
[    0.144622] NMI watchdog: Perf event create on CPU 0 failed with -2
[    0.145510] NMI watchdog: Perf NMI watchdog permanently disabled
[    0.146407] smp: Bringing up secondary CPUs ...
[    0.147938] x86: Booting SMP configuration:
[    0.148004] .... node  #0, CPUs:      #1
[    0.004000] kvm-clock: cpu 1, msr 1:1ff50041, secondary cpu clock
[    0.152096]  #2
[    0.004000] kvm-clock: cpu 2, msr 1:1ff50081, secondary cpu clock
[    0.156091]  #3
[    0.004000] kvm-clock: cpu 3, msr 1:1ff500c1, secondary cpu clock
[    0.160006] smp: Brought up 1 node, 4 CPUs
[    0.160627] smpboot: Max logical packages: 1
[    0.162152] smpboot: Total of 4 processors activated (11980.79 BogoMIPS)
[    0.164244] devtmpfs: initialized
[    0.164898] x86/mm: Memory block size: 128MB
[    0.165837] evm: security.selinux
[    0.166482] evm: security.SMACK64
[    0.168008] evm: security.SMACK64EXEC
[    0.169135] evm: security.SMACK64TRANSMUTE
[    0.170065] evm: security.SMACK64MMAP
[    0.170799] evm: security.apparmor
[    0.171539] evm: security.ima
[    0.172003] evm: security.capability
[    0.172683] clocksource: jiffies: mask: 0xffffffff max_cycles: 0xffffffff, max_idle_ns: 7645041785100000 ns
[    0.173917] futex hash table entries: 1024 (order: 4, 65536 bytes)
[    0.176060] pinctrl core: initialized pinctrl subsystem
[    0.177047] RTC time:  5:45:19, date: 10/13/22
[    0.178087] NET: Registered protocol family 16
[    0.178894] audit: initializing netlink subsys (disabled)
[    0.180067] audit: type=2000 audit(1665639924.591:1): state=initialized audit_enabled=0 res=1
[    0.181722] cpuidle: using governor ladder
[    0.181722] cpuidle: using governor menu
[    0.181722] ACPI: bus type PCI registered
[    0.184039] acpiphp: ACPI Hot Plug PCI Controller Driver version: 0.5
[    0.186368] PCI: Using configuration type 1 for base access
[    0.188936] HugeTLB registered 2.00 MiB page size, pre-allocated 0 pages
[    0.192080] ACPI: Added _OSI(Module Device)
[    0.193350] ACPI: Added _OSI(Processor Device)
[    0.194208] ACPI: Added _OSI(3.0 _SCP Extensions)
[    0.195038] ACPI: Added _OSI(Processor Aggregator Device)
[    0.196006] ACPI: Added _OSI(Linux-Dell-Video)
[    0.197269] ACPI: Added _OSI(Linux-Lenovo-NV-HDMI-Audio)
[    0.198261] ACPI: Added _OSI(Linux-HPI-Hybrid-Graphics)
[    0.200025] ACPI: Executed 1 blocks of module-level executable AML code
[    0.204930] ACPI: Interpreter enabled
[    0.205674] ACPI: (supports S0 S5)
[    0.206262] ACPI: Using IOAPIC for interrupt routing
[    0.207323] PCI: Using host bridge windows from ACPI; if necessary, use "pci=nocrs" and report a bug
[    0.208159] ACPI: Enabled 2 GPEs in block 00 to 07
[    0.215476] ACPI: PCI Root Bridge [PCI0] (domain 0000 [bus 00-ff])
[    0.216007] acpi PNP0A03:00: _OSC: OS supports [ASPM ClockPM Segments MSI]
[    0.217653] acpi PNP0A03:00: _OSC: not requesting OS control; OS requires [ExtendedConfig ASPM ClockPM MSI]
[    0.219268] acpi PNP0A03:00: fail to add MMCONFIG information, can't access extended PCI configuration space under this bridge.
[    0.220331] PCI host bridge to bus 0000:00
[    0.221046] pci_bus 0000:00: root bus resource [io  0x0000-0x0cf7 window]
[    0.222112] pci_bus 0000:00: root bus resource [io  0x0d00-0xffff window]
[    0.224003] pci_bus 0000:00: root bus resource [mem 0x000a0000-0x000bffff window]
[    0.225299] pci_bus 0000:00: root bus resource [mem 0xe0000000-0xfdffffff window]
[    0.226464] pci_bus 0000:00: root bus resource [bus 00-ff]
[    0.229667] pci 0000:00:01.1: legacy IDE quirk: reg 0x10: [io  0x01f0-0x01f7]
[    0.230817] pci 0000:00:01.1: legacy IDE quirk: reg 0x14: [io  0x03f6]
[    0.232002] pci 0000:00:01.1: legacy IDE quirk: reg 0x18: [io  0x0170-0x0177]
[    0.233087] pci 0000:00:01.1: legacy IDE quirk: reg 0x1c: [io  0x0376]
[    0.289148] pci 0000:00:07.0: quirk: [io  0x4000-0x403f] claimed by PIIX4 ACPI
[    0.290658] pci 0000:00:07.0: quirk: [io  0x4100-0x410f] claimed by PIIX4 SMB
[    0.308434] ACPI: PCI Interrupt Link [LNKA] (IRQs 5 9 10 *11)
[    0.312287] ACPI: PCI Interrupt Link [LNKB] (IRQs 5 9 *10 11)
[    0.313206] ACPI: PCI Interrupt Link [LNKC] (IRQs 5 *9 10 11)
[    0.314085] ACPI: PCI Interrupt Link [LNKD] (IRQs 5 9 10 *11)
[    0.315160] SCSI subsystem initialized
[    0.316046] pci 0000:00:02.0: vgaarb: setting as boot VGA device
[    0.316911] pci 0000:00:02.0: vgaarb: VGA device added: decodes=io+mem,owns=io+mem,locks=none
[    0.318087] pci 0000:00:02.0: vgaarb: bridge control possible
[    0.318845] vgaarb: loaded
[    0.320027] ACPI: bus type USB registered
[    0.320585] usbcore: registered new interface driver usbfs
[    0.321389] usbcore: registered new interface driver hub
[    0.322125] usbcore: registered new device driver usb
[    0.322831] EDAC MC: Ver: 3.0.0
[    0.324037] PCI: Using ACPI for IRQ routing
[    0.325094] NetLabel: Initializing
[    0.325602] NetLabel:  domain hash size = 128
[    0.326178] NetLabel:  protocols = UNLABELED CIPSOv4 CALIPSO
[    0.326937] NetLabel:  unlabeled traffic allowed by default
[    0.328111] clocksource: Switched to clocksource kvm-clock
[    0.338465] VFS: Disk quotas dquot_6.6.0
[    0.339066] VFS: Dquot-cache hash table entries: 512 (order 0, 4096 bytes)
[    0.340013] AppArmor: AppArmor Filesystem Enabled
[    0.340691] pnp: PnP ACPI init
[    0.341856] pnp: PnP ACPI: found 3 devices
[    0.349842] clocksource: acpi_pm: mask: 0xffffff max_cycles: 0xffffff, max_idle_ns: 2085701024 ns
[    0.351255] NET: Registered protocol family 2
[    0.352025] IP idents hash table entries: 65536 (order: 7, 524288 bytes)
[    0.353403] TCP established hash table entries: 32768 (order: 6, 262144 bytes)
[    0.355306] TCP bind hash table entries: 32768 (order: 7, 524288 bytes)
[    0.356718] TCP: Hash tables configured (established 32768 bind 32768)
[    0.357809] UDP hash table entries: 2048 (order: 4, 65536 bytes)
[    0.358802] UDP-Lite hash table entries: 2048 (order: 4, 65536 bytes)
[    0.359870] NET: Registered protocol family 1
[    0.360644] pci 0000:00:00.0: Limiting direct PCI/PCI transfers
[    0.361668] pci 0000:00:01.0: Activating ISA DMA hang workarounds
[    0.362701] pci 0000:00:02.0: Video device with shadowed ROM at [mem 0x000c0000-0x000dffff]
[    0.364257] Unpacking initramfs...
[    0.622157] Freeing initrd memory: 19528K
[    0.623238] PCI-DMA: Using software bounce buffering for IO (SWIOTLB)
[    0.624238] software IO TLB: mapped [mem 0xdbff0000-0xdfff0000] (64MB)
[    0.625336] clocksource: tsc: mask: 0xffffffffffffffff max_cycles: 0x1596467b3e4, max_idle_ns: 440795260276 ns
[    0.626898] platform rtc_cmos: registered platform RTC device (no PNP device found)
[    0.628199] Scanning for low memory corruption every 60 seconds
[    0.629692] Initialise system trusted keyrings
[    0.630418] Key type blacklist registered
[    0.631131] workingset: timestamp_bits=36 max_order=20 bucket_order=0
[    0.632895] zbud: loaded
[    0.633742] squashfs: version 4.0 (2009/01/31) Phillip Lougher
[    0.634879] fuse init (API version 7.26)
[    0.637760] Key type asymmetric registered
[    0.638473] Asymmetric key parser 'x509' registered
[    0.639224] Block layer SCSI generic (bsg) driver version 0.4 loaded (major 246)
[    0.640498] io scheduler noop registered
[    0.641237] io scheduler deadline registered
[    0.641940] io scheduler cfq registered (default)
[    0.643168] ACPI: AC Adapter [AC] (on-line)
[    0.643938] input: Power Button as /devices/LNXSYSTM:00/LNXPWRBN:00/input/input0
[    0.645453] ACPI: Power Button [PWRF]
[    0.646191] input: Sleep Button as /devices/LNXSYSTM:00/LNXSLPBN:00/input/input1
[    0.647388] ACPI: Sleep Button [SLPF]
[    0.648927] ACPI: Battery Slot [BAT0] (battery present)
[    0.649939] Serial: 8250/16550 driver, 32 ports, IRQ sharing enabled
[    0.672559] 00:02: ttyS0 at I/O 0x3f8 (irq = 4, base_baud = 115200) is a 16550A
[    0.676262] Linux agpgart interface v0.103
[    0.678558] loop: module loaded
[    0.679540] scsi host0: ata_piix
[    0.680176] scsi host1: ata_piix
[    0.680739] ata1: PATA max UDMA/33 cmd 0x1f0 ctl 0x3f6 bmdma 0xd000 irq 14
[    0.681903] ata2: PATA max UDMA/33 cmd 0x170 ctl 0x376 bmdma 0xd008 irq 15
[    0.683012] tun: Universal TUN/TAP device driver, 1.6
[    0.683978] PPP generic driver version 2.4.2
[    0.684859] ehci_hcd: USB 2.0 'Enhanced' Host Controller (EHCI) Driver
[    0.685852] ehci-pci: EHCI PCI platform driver
[    0.686551] ehci-platform: EHCI generic platform driver
[    0.687324] ohci_hcd: USB 1.1 'Open' Host Controller (OHCI) Driver
[    0.688362] ohci-pci: OHCI PCI platform driver
[    0.689225] ohci-platform: OHCI generic platform driver
[    0.690323] uhci_hcd: USB Universal Host Controller Interface driver
[    0.691406] i8042: PNP: PS/2 Controller [PNP0303:PS2K,PNP0f03:PS2M] at 0x60,0x64 irq 1,12
[    0.693238] serio: i8042 KBD port at 0x60,0x64 irq 1
[    0.694100] serio: i8042 AUX port at 0x60,0x64 irq 12
[    0.695092] mousedev: PS/2 mouse device common for all mice
[    0.696493] input: AT Translated Set 2 keyboard as /devices/platform/i8042/serio0/input/input2
[    0.698219] rtc_cmos rtc_cmos: rtc core: registered rtc_cmos as rtc0
[    0.699275] rtc_cmos rtc_cmos: alarms up to one day, 114 bytes nvram
[    0.700283] i2c /dev entries driver
[    0.700937] device-mapper: uevent: version 1.0.3
[    0.701835] device-mapper: ioctl: 4.37.0-ioctl (2017-09-20) initialised: dm-devel@redhat.com
[    0.703377] ledtrig-cpu: registered to indicate activity on CPUs
[    0.704594] NET: Registered protocol family 10
[    0.709558] Segment Routing with IPv6
[    0.711000] NET: Registered protocol family 17
[    0.711791] Key type dns_resolver registered
[    0.712910] mce: Using 0 MCE banks
[    0.713543] RAS: Correctable Errors collector initialized.
[    0.714450] sched_clock: Marking stable (712862937, 0)->(919737315, -206874378)
[    0.716201] registered taskstats version 1
[    0.716862] Loading compiled-in X.509 certificates
[    0.720043] Loaded X.509 cert 'Build time autogenerated kernel key: af04d57e94487e4500da7630f19b69a59e91d95a'
[    0.722304] Loaded X.509 cert 'Canonical Ltd. Live Patch Signing: 14df34d1a87cf37625abec039ef2bf521249b969'
[    0.724419] Loaded X.509 cert 'Canonical Ltd. Kernel Module Signing: 88f752e560a1e0737e31163a466ad7b70a850c19'
[    0.726140] blacklist: Loading compiled-in revocation X.509 certificates
[    0.727249] Loaded X.509 cert 'Canonical Ltd. Secure Boot Signing: 61482aa2830d0ab2ad5af10b7250da9033ddcef0'
[    0.728946] zswap: loaded using pool lzo/zbud
[    0.732416] Key type big_key registered
[    0.733197] Key type trusted registered
[    0.735571] Key type encrypted registered
[    0.736516] AppArmor: AppArmor sha1 policy hashing enabled
[    0.737428] ima: No TPM chip found, activating TPM-bypass! (rc=-19)
[    0.738543] ima: Allocated hash algorithm: sha1
[    0.739490] evm: HMAC attrs: 0x1
[    0.740478]   Magic number: 10:764:769
[    0.741185] mem kmsg: hash matches
[    0.741805] pci 0000:00:05.0: hash matches
[    0.742747] rtc_cmos rtc_cmos: setting system clock to 2022-10-13 05:45:20 UTC (1665639920)
[    0.744424] BIOS EDD facility v0.16 2004-Jun-25, 0 devices found
[    0.745652] EDD information not available.
[    0.869024] Freeing unused kernel image memory: 2468K
[    1.353766] Write protecting the kernel read-only data: 20480k
[    1.357967] Freeing unused kernel image memory: 2008K
[    1.359800] Freeing unused kernel image memory: 1820K
[    1.365295] x86/mm: Checked W+X mappings: passed, no W+X pages found.
[    1.366362] x86/mm: Checking user space page tables
[    1.371645] x86/mm: Checked W+X mappings: passed, no W+X pages found.
Loading, please wait...
starting version 237
[    1.429999] Fusion MPT base driver 3.04.20
[    1.430831] Copyright (c) 1999-2008 LSI Corporation
[    1.432252] e1000: Intel(R) PRO/1000 Network Driver - version 7.3.21-k8-NAPI
[    1.433764] e1000: Copyright (c) 1999-2006 Intel Corporation.
[    1.435746] AVX2 version of gcm_enc/dec engaged.
[    1.436540] AES CTR mode by8 optimization enabled
[    1.457644] Fusion MPT SPI Host driver 3.04.20
[    1.642552] input: ImExPS/2 Generic Explorer Mouse as /devices/platform/i8042/serio1/input/input4
[    1.820344] e1000 0000:00:03.0 eth0: (PCI:33MHz:32-bit) 02:a0:66:c7:c8:08
[    1.821421] e1000 0000:00:03.0 eth0: Intel(R) PRO/1000 Network Connection
[    1.823353] e1000 0000:00:03.0 enp0s3: renamed from eth0
[    1.824932] mptbase: ioc0: Initiating bringup
[    1.928711] ioc0: LSI53C1030 A0: Capabilities={Initiator}
[    2.181799] scsi host2: ioc0: LSI53C1030 A0, FwRev=00000000h, Ports=1, MaxQ=256, IRQ=20
[    2.353116] scsi 2:0:0:0: Direct-Access     VBOX     HARDDISK         1.0  PQ: 0 ANSI: 5
[    3.196050] scsi target2:0:0: Beginning Domain Validation
[    3.197639] scsi target2:0:0: Domain Validation skipping write tests
[    3.198634] scsi target2:0:0: Ending Domain Validation
[    3.199513] scsi target2:0:0: asynchronous
[    3.200487] scsi 2:0:1:0: Direct-Access     VBOX     HARDDISK         1.0  PQ: 0 ANSI: 5
[    4.198981] scsi target2:0:1: Beginning Domain Validation
[    4.201258] random: fast init done
[    4.202246] scsi target2:0:1: Domain Validation skipping write tests
[    4.203853] scsi target2:0:1: Ending Domain Validation
[    4.205266] scsi target2:0:1: asynchronous
[    4.209483] random: systemd-udevd: uninitialized urandom read (16 bytes read)
[    4.209941] sd 2:0:0:0: [sda] 83886080 512-byte logical blocks: (42.9 GB/40.0 GiB)
[    4.211084] random: systemd-udevd: uninitialized urandom read (16 bytes read)
[    4.212435] sd 2:0:0:0: [sda] Write Protect is off
[    4.213747] random: systemd-udevd: uninitialized urandom read (16 bytes read)
[    4.217680] sd 2:0:0:0: Attached scsi generic sg0 type 0
[    4.217949] sd 2:0:1:0: Attached scsi generic sg1 type 0
[    4.218229] sd 2:0:1:0: [sdb] 20480 512-byte logical blocks: (10.5 MB/10.0 MiB)
[    4.218294] sd 2:0:1:0: [sdb] Write Protect is off
[    4.218396] sd 2:0:1:0: [sdb] Incomplete mode parameter data
[    4.218397] sd 2:0:1:0: [sdb] Assuming drive cache: write through
[    4.225464] sd 2:0:1:0: [sdb] Attached SCSI disk
[    4.226809] sd 2:0:0:0: [sda] Incomplete mode parameter data
[    4.229644] sd 2:0:0:0: [sda] Assuming drive cache: write through
[    4.232272]  sda: sda1
[    4.234222] sd 2:0:0:0: [sda] Attached SCSI disk
Begin: Loading essential drivers ... [    5.656115] raid6: sse2x1   gen() 13566 MB/s
[    5.704156] raid6: sse2x1   xor()  8183 MB/s
[    5.752063] raid6: sse2x2   gen() 17446 MB/s
[    5.800151] raid6: sse2x2   xor() 11466 MB/s
[    5.848055] raid6: sse2x4   gen() 18708 MB/s
[    5.897682] raid6: sse2x4   xor()  8474 MB/s
[    5.944150] raid6: avx2x1   gen() 18070 MB/s
[    5.992114] raid6: avx2x1   xor() 11173 MB/s
[    6.040078] raid6: avx2x2   gen() 23804 MB/s
[    6.088125] raid6: avx2x2   xor() 16120 MB/s
[    6.136200] raid6: avx2x4   gen() 22950 MB/s
[    6.184470] raid6: avx2x4   xor() 15051 MB/s
[    6.185624] raid6: using algorithm avx2x2 gen() 23804 MB/s
[    6.186345] raid6: .... xor() 16120 MB/s, rmw enabled
[    6.187008] raid6: using avx2x2 recovery algorithm
[    6.188895] xor: automatically using best checksumming function   avx       
[    6.190939] async_tx: api initialized (async)
done.
Begin: Running /scripts/init-premount ... done.
Begin: Mounting root file system ... Begin: Running /scripts/local-top ... done.
Begin: Running /scripts/local-premount ... [    6.233151] Btrfs loaded, crc32c=crc32c-intel
Scanning for Btrfs filesystems
done.
Warning: fsck not present, so skipping root file system
[    6.263027] EXT4-fs (sda1): mounted filesystem with ordered data mode. Opts: (null)
done.
Begin: Running /scripts/local-bottom ... done.
Begin: Running /scripts/init-bottom ... done.
[    6.441801] ip_tables: (C) 2000-2006 Netfilter Core Team
[    6.452886] systemd[1]: systemd 237 running in system mode. (+PAM +AUDIT +SELINUX +IMA +APPARMOR +SMACK +SYSVINIT +UTMP +LIBCRYPTSETUP +GCRYPT +GNUTLS +ACL +XZ +LZ4 +SECCOMP +BLKID +ELFUTILS +KMOD -IDN2 +IDN -PCRE2 default-hierarchy=hybrid)
[    6.458994] systemd[1]: Detected virtualization oracle.
[    6.461011] systemd[1]: Detected architecture x86-64.

Welcome to [1mUbuntu 18.04.6 LTS[0m!

[    6.471222] systemd[1]: Set hostname to <ubuntu>.
[    6.474693] systemd[1]: Initializing machine ID from random generator.
[    6.476327] systemd[1]: Installed transient /etc/machine-id file.
[    6.893681] systemd[1]: Reached target User and Group Name Lookups.
[[0;32m  OK  [0m] Reached target User and Group Name Lookups.
[    6.902003] systemd[1]: Created slice User and Session Slice.
[[0;32m  OK  [0m] Created slice User and Session Slice.
[    6.905972] systemd[1]: Created slice System Slice.
[[0;32m  OK  [0m] Created slice System Slice.
[    6.908341] systemd[1]: Created slice system-serial\x2dgetty.slice.
[[0;32m  OK  [0m] Created slice system-serial\x2dgetty.slice.
[[0;32m  OK  [0m] Listening on udev Control Socket.
[[0;32m  OK  [0m] Listening on Device-mapper event daemon FIFOs.
[[0;32m  OK  [0m] Listening on Network Service Netlink Socket.
[[0;32m  OK  [0m] Listening on LVM2 poll daemon socket.
[[0;32m  OK  [0m] Listening on Journal Socket.
         Mounting POSIX Message Queue File System...
         Mounting Huge Pages File System...
[[0;32m  OK  [0m] Listening on udev Kernel Socket.
         Starting udev Coldplug all Devices...
         Starting Set the console keyboard layout...
[[0;32m  OK  [0m] Set up automount Arbitrary Executab…rmats File System Automount Point.
         Mounting Kernel Debug File System...
[[0;32m  OK  [0m] Reached target System Time Synchronized.
[[0;32m  OK  [0m] Listening on LVM2 metadata daemon socket.
         Starting Uncomplicated firewall...
[[0;32m  OK  [0m] Listening on Journal Audit Socket.
[[0;32m  OK  [0m] Listening on /dev/initctl Compatibility Named Pipe.
[[0;32m  OK  [0m] Listening on Syslog Socket.
[[0;32m  OK  [0m] Reached target Slices.
         Starting Create list of required st…ce nodes for the current kernel...
[[0;32m  OK  [0m] Started Forward Password Requests to Wall Directory Watch.
[[0;32m  OK  [0m] Reached target Swap.
[[0;32m  OK  [0m] Listening on fsck to fsckd communication Socket.
         Starting Load Kernel Modules...
         Starting File System Check on Root Device...
[[0;32m  OK  [0m] Listening on Journal Socket (/dev/log).
         Starting Journal Service...
         Starting Monitoring of LVM2 mirrors…ng dmeventd or progress polling...
[[0;32m  OK  [0m] Mounted POSIX Message Queue File System.
[[0;32m  OK  [0m] Mounted Huge Pages File System.
[[0;32m  OK  [0m] Mounted Kernel Debug File System.
[[0;32m  OK  [0m] Started Uncomplicated firewall.
[[0;32m  OK  [0m] Started Create list of required sta…vice nodes for the current kernel.
         Starting Create Static Device Nodes in /dev...
[[0;32m  OK  [0m] Started File System Check Daemon to report status.
[[0;32m  OK  [0m] Started LVM2 metadata daemon.
[[0;32m  OK  [0m] Started udev Coldplug all Devices.
[    7.070605] Loading iSCSI transport class v2.0-870.
[    7.078904] iscsi: registered transport (tcp)
[    7.100597] iscsi: registered transport (iser)
[[0;32m  OK  [0m] Started Load Kernel Modules.
         Starting Apply Kernel Variables...
         Mounting FUSE Control File System...
         Mounting Kernel Configuration File System...
[[0;32m  OK  [0m] Mounted FUSE Control File System.
[[0;32m  OK  [0m] Mounted Kernel Configuration File System.
[[0;32m  OK  [0m] Started Create Static Device Nodes in /dev.
[[0;32m  OK  [0m] Started Journal Service.
[[0;32m  OK  [0m] Started File System Check on Root Device.
         Starting Remount Root and Kernel File Systems...
[[0;32m  OK  [0m] Started Monitoring of LVM2 mirrors,…sing dmeventd or progress polling.
[[0;32m  OK  [0m] Started Apply Kernel Variables.
[[0;32m  OK  [0m] Started Remount Root and Kernel File Systems.
         Starting Flush Journal to Persistent Storage...
         Starting udev Kernel Device Manager...
         Starting Load/Save Random Seed...
[[0;32m  OK  [0m] Started Load/Save Random Seed.
[[0;32m  OK  [0m] Started udev Kernel Device Manager.
[[0;32m  OK  [0m] Started Flush Journal to Persistent Storage.
[[0;32m  OK  [0m] Found device /dev/ttyS0.
[[0;32m  OK  [0m] Listening on Load/Save RF Kill Switch Status /dev/rfkill Watch.
[[0;32m  OK  [0m] Started Set the console keyboard layout.
[[0;32m  OK  [0m] Reached target Local File Systems (Pre).
[[0;32m  OK  [0m] Reached target Local File Systems.
         Starting Create Volatile Files and Directories...
         Starting Tell Plymouth To Write Out Runtime Data...
         Starting Set console font and keymap...
         Starting Commit a transient machine-id on disk...
         Starting AppArmor initialization...
         Starting ebtables ruleset management...
[[0;32m  OK  [0m] Started Dispatch Password Requests to Console Directory Watch.
[[0;32m  OK  [0m] Reached target Local Encrypted Volumes.
[[0;32m  OK  [0m] Started Tell Plymouth To Write Out Runtime Data.
[[0;32m  OK  [0m] Started Create Volatile Files and Directories.
         Starting Update UTMP about System Boot/Shutdown...
[[0;32m  OK  [0m] Started Update UTMP about System Boot/Shutdown.
[[0;32m  OK  [0m] Started Commit a transient machine-id on disk.
[[0;32m  OK  [0m] Started ebtables ruleset management.
[[0;32m  OK  [0m] Started AppArmor initialization.
         Starting Load AppArmor profiles managed internally by snapd...
         Starting Initial cloud-init job (pre-networking)...
[[0;32m  OK  [0m] Started Load AppArmor profiles managed internally by snapd.
[[0;32m  OK  [0m] Started Set console font and keymap.
[   11.176365] cloud-init[711]: Cloud-init v. 22.2-0ubuntu1~18.04.3 running 'init-local' at Thu, 13 Oct 2022 05:45:30 +0000. Up 10.52 seconds.
[[0;32m  OK  [0m] Started Initial cloud-init job (pre-networking).
[[0;32m  OK  [0m] Reached target Network (Pre).
         Starting Network Service...
[[0;32m  OK  [0m] Started Network Service.
         Starting Network Name Resolution...
         Starting Wait for Network to be Configured...
[[0;32m  OK  [0m] Started Network Name Resolution.
[[0;32m  OK  [0m] Reached target Host and Network Name Lookups.
[[0;32m  OK  [0m] Reached target Network.
[[0;32m  OK  [0m] Started Wait for Network to be Configured.
         Starting Initial cloud-init job (metadata service crawler)...
[   13.764415] cloud-init[1003]: Cloud-init v. 22.2-0ubuntu1~18.04.3 running 'init' at Thu, 13 Oct 2022 05:45:33 +0000. Up 13.55 seconds.
[   13.776352] cloud-init[1003]: ci-info: ++++++++++++++++++++++++++++++++++++++Net device info++++++++++++++++++++++++++++++++++++++
[   13.778761] cloud-init[1003]: ci-info: +--------+------+----------------------------+---------------+--------+-------------------+
[   13.782216] cloud-init[1003]: ci-info: | Device |  Up  |          Address           |      Mask     | Scope  |     Hw-Address    |
[   13.785064] cloud-init[1003]: ci-info: +--------+------+----------------------------+---------------+--------+-------------------+
[   13.788585] cloud-init[1003]: ci-info: | enp0s3 | True |         10.0.2.15          | 255.255.255.0 | global | 02:a0:66:c7:c8:08 |
[   13.790364] cloud-init[1003]: ci-info: | enp0s3 | True | fe80::a0:66ff:fec7:c808/64 |       .       |  link  | 02:a0:66:c7:c8:08 |
[   13.792386] cloud-init[1003]: ci-info: |   lo   | True |         127.0.0.1          |   255.0.0.0   |  host  |         .         |
[   13.793920] cloud-init[1003]: ci-info: |   lo   | True |          ::1/128           |       .       |  host  |         .         |
[   13.795642] cloud-init[1003]: ci-info: +--------+------+----------------------------+---------------+--------+-------------------+
[   13.797370] cloud-init[1003]: ci-info: ++++++++++++++++++++++++++++Route IPv4 info+++++++++++++++++++++++++++++
[   13.808357] cloud-init[1003]: ci-info: +-------+-------------+----------+-----------------+-----------+-------+
[   13.809690] cloud-init[1003]: ci-info: | Route | Destination | Gateway  |     Genmask     | Interface | Flags |
[   13.811182] cloud-init[1003]: ci-info: +-------+-------------+----------+-----------------+-----------+-------+
[   13.812675] cloud-init[1003]: ci-info: |   0   |   0.0.0.0   | 10.0.2.2 |     0.0.0.0     |   enp0s3  |   UG  |
[   13.814133] cloud-init[1003]: ci-info: |   1   |   10.0.2.0  | 0.0.0.0  |  255.255.255.0  |   enp0s3  |   U   |
[   13.815820] cloud-init[1003]: ci-info: |   2   |   10.0.2.2  | 0.0.0.0  | 255.255.255.255 |   enp0s3  |   UH  |
[   13.817596] cloud-init[1003]: ci-info: +-------+-------------+----------+-----------------+-----------+-------+
[   13.818844] cloud-init[1003]: ci-info: +++++++++++++++++++Route IPv6 info+++++++++++++++++++
[   13.820391] cloud-init[1003]: ci-info: +-------+-------------+---------+-----------+-------+
[   13.821953] cloud-init[1003]: ci-info: | Route | Destination | Gateway | Interface | Flags |
[   13.823499] cloud-init[1003]: ci-info: +-------+-------------+---------+-----------+-------+
[   13.824845] cloud-init[1003]: ci-info: |   1   |  fe80::/64  |    ::   |   enp0s3  |   U   |
[   13.826305] cloud-init[1003]: ci-info: |   3   |    local    |    ::   |   enp0s3  |   U   |
[   13.827921] cloud-init[1003]: ci-info: |   4   |   ff00::/8  |    ::   |   enp0s3  |   U   |
[   13.829664] cloud-init[1003]: ci-info: +-------+-------------+---------+-----------+-------+
[   15.932261] cloud-init[1003]: Generating public/private rsa key pair.
[   15.933461] cloud-init[1003]: Your identification has been saved in /etc/ssh/ssh_host_rsa_key.
[   15.935177] cloud-init[1003]: Your public key has been saved in /etc/ssh/ssh_host_rsa_key.pub.
[   15.938215] cloud-init[1003]: The key fingerprint is:
[   15.939687] cloud-init[1003]: SHA256:zsplcBw4+ZwwmJxz6OXAvr7sJ5ZYt3sLceTxOoorKbw root@ubuntu-bionic
[   15.940724] cloud-init[1003]: The key's randomart image is:
[   15.941843] cloud-init[1003]: +---[RSA 2048]----+
[   15.942729] cloud-init[1003]: |                 |
[   15.943567] cloud-init[1003]: |   o = o         |
[   15.944528] cloud-init[1003]: |    X O +        |
[   15.945420] cloud-init[1003]: |   o * X =       |
[   15.946189] cloud-init[1003]: |    o + S .      |
[   15.947012] cloud-init[1003]: |    ...B .       |
[   15.948810] cloud-init[1003]: |.  +.o..B        |
[   15.949927] cloud-init[1003]: |..+o+oo*..       |
[   15.950921] cloud-init[1003]: | E.+B==o..       |
[   15.951808] cloud-init[1003]: +----[SHA256]-----+
[   15.952621] cloud-init[1003]: Generating public/private dsa key pair.
[   15.954487] cloud-init[1003]: Your identification has been saved in /etc/ssh/ssh_host_dsa_key.
[   15.956901] cloud-init[1003]: Your public key has been saved in /etc/ssh/ssh_host_dsa_key.pub.
[   15.958449] cloud-init[1003]: The key fingerprint is:
[   15.959844] cloud-init[1003]: SHA256:o/oSThg6CeUsQbgho8rCvt7+K3W1NXgnvwJ8aXfeCMc root@ubuntu-bionic
[   15.961421] cloud-init[1003]: The key's randomart image is:
[   15.962433] cloud-init[1003]: +---[DSA 1024]----+
[   15.963229] cloud-init[1003]: |o.               |
[   15.964624] cloud-init[1003]: |* .              |
[   15.965976] cloud-init[1003]: |oO        .      |
[   15.966881] cloud-init[1003]: |= +      o = .   |
[   15.967737] cloud-init[1003]: |=+ o    S + *.   |
[   15.968683] cloud-init[1003]: |*o. o. o = +.oE. |
[   15.969343] cloud-init[1003]: |o. o..o   + .o+..|
[   15.970280] cloud-init[1003]: | ...o.     . ....|
[   15.971430] cloud-init[1003]: |.ooo+=o     .    |
[   15.972285] cloud-init[1003]: +----[SHA256]-----+
[   15.972999] cloud-init[1003]: Generating public/private ecdsa key pair.
[   15.973866] cloud-init[1003]: Your identification has been saved in /etc/ssh/ssh_host_ecdsa_key.
[   15.974927] cloud-init[1003]: Your public key has been saved in /etc/ssh/ssh_host_ecdsa_key.pub.
[   15.976095] cloud-init[1003]: The key fingerprint is:
[   15.976941] cloud-init[1003]: SHA256:ahdZR6KkC+PZTesHL4++HvgwtAcEJyle8UYmmO6+Zcg root@ubuntu-bionic
[   15.978279] cloud-init[1003]: The key's randomart image is:
[   15.979136] cloud-init[1003]: +---[ECDSA 256]---+
[   15.979937] cloud-init[1003]: |   o=o+ . . .    |
[   15.981051] cloud-init[1003]: |  + oO o . o     |
[   15.981947] cloud-init[1003]: | o oo = o . .    |
[   15.982661] cloud-init[1003]: |  o. B + + .     |
[   15.983378] cloud-init[1003]: | .  o = S        |
[   15.984320] cloud-init[1003]: | ... . * +       |
[   15.985155] cloud-init[1003]: | .E o B * o      |
[   15.986033] cloud-init[1003]: |  .o . * *       |
[   15.986873] cloud-init[1003]: |  ..   o*..      |
[   15.987663] cloud-init[1003]: +----[SHA256]-----+
[   15.988497] cloud-init[1003]: Generating public/private ed25519 key pair.
[   15.989537] cloud-init[1003]: Your identification has been saved in /etc/ssh/ssh_host_ed25519_key.
[   15.990963] cloud-init[1003]: Your public key has been saved in /etc/ssh/ssh_host_ed25519_key.pub.
[   15.992287] cloud-init[1003]: The key fingerprint is:
[   15.993217] cloud-init[1003]: SHA256:Lwo38MuNgnOtFM3MC0JzNKoh+i0FYcQoWmyO6msywuo root@ubuntu-bionic
[   15.994724] cloud-init[1003]: The key's randomart image is:
[   15.995797] cloud-init[1003]: +--[ED25519 256]--+
[   15.996734] cloud-init[1003]: | =+ o            |
[   15.997602] cloud-init[1003]: |o.=+ .           |
[   15.998697] cloud-init[1003]: |=== .            |
[   15.999812] cloud-init[1003]: |=+.+ =           |
[   16.001128] cloud-init[1003]: |+ . = = S        |
[   16.001964] cloud-init[1003]: |.. + = . .       |
[   16.002714] cloud-init[1003]: |o o.+.= . .      |
[   16.003203] cloud-init[1003]: |++ooo+.* .       |
[   16.003806] cloud-init[1003]: |BE.o.o= .        |
[[0;32m  OK  [0m] Started Initial cloud-init job (metadata service crawler).
[   16.004603] cloud-init[[0;32m  OK  [0m] Reached target Cloud-config availability.
[[0;32m  OK  [0m] Reached target System Initialization.
[[0;32m  OK  [0m] Started Discard unused blocks once a week.
[1003]: +----[SHA256]-----+
         Starting LXD - unix socket.
[[0;32m  OK  [0m] Started Ubuntu Advantage Timer for running repeated jobs.
[[0;32m  OK  [0m] Started Daily Cleanup of Temporary Directories.
[[0;32m  OK  [0m] Listening on D-Bus System Message Bus Socket.
[[0;32m  OK  [0m] Listening on Open-iSCSI iscsid Socket.
         Starting Socket activation for snappy daemon.
[[0;32m  OK  [0m] Listening on UUID daemon activation socket.
[[0;32m  OK  [0m] Started Message of the Day.
[[0;32m  OK  [0m] Started ACPI Events Check.
[[0;32m  OK  [0m] Reached target Paths.
[[0;32m  OK  [0m] Started Daily apt download activities.
[[0;32m  OK  [0m] Started Daily apt upgrade and clean activities.
[[0;32m  OK  [0m] Reached target Timers.
[[0;32m  OK  [0m] Listening on cloud-init hotplug hook socket.
[[0;32m  OK  [0m] Listening on ACPID Listen Socket.
[[0;32m  OK  [0m] Reached target Network is Online.
         Starting Availability of block devices...
[[0;32m  OK  [0m] Reached target Remote File Systems (Pre).
[[0;32m  OK  [0m] Reached target Remote File Systems.
[[0;32m  OK  [0m] Listening on LXD - unix socket.
[[0;32m  OK  [0m] Listening on Socket activation for snappy daemon.
[[0;32m  OK  [0m] Reached target Sockets.
[[0;32m  OK  [0m] Reached target Basic System.
         Starting Pollinate to seed the pseudo random number generator...
         Starting Dispatcher daemon for systemd-networkd...
         Starting LSB: Record successful boot for GRUB...
         Starting Login Service...
         Starting Permit User Sessions...
[[0;32m  OK  [0m] Started D-Bus System Message Bus.
         Starting LSB: automatic crash report generation...
[[0;32m  OK  [0m] Started irqbalance daemon.
         Starting System Logging Service...
         Starting LXD - container startup/shutdown...
[[0;32m  OK  [0m] Started Regular background program processing daemon.
[[0;32m  OK  [0m] Started Deferred execution scheduler.
         Starting Virtualbox guest utils...
[[0;32m  OK  [0m] Started FUSE filesystem for LXC.
         Starting Snap Daemon...
         Starting Accounts Service...
[[0;32m  OK  [0m] Started System Logging Service.
[[0;32m  OK  [0m] Started Availability of block devices.
[[0;32m  OK  [0m] Started Permit User Sessions.
[[0;32m  OK  [0m] Started Login Service.
[[0;32m  OK  [0m] Started Unattended Upgrades Shutdown.
         Starting Hold until boot process finishes up...
         Starting Terminate Plymouth Boot Screen...
[[0;32m  OK  [0m] Started Hold until boot process finishes up.
[[0;32m  OK  [0m] Started Serial Getty on ttyS0.
         Starting Set console scheme...
[[0;32m  OK  [0m] Started Terminate Plymouth Boot Screen.
[[0;32m  OK  [0m] Started LSB: automatic crash report generation.
[[0;32m  OK  [0m] Started Set console scheme.
[[0;32m  OK  [0m] Created slice system-getty.slice.
[[0;32m  OK  [0m] Started Getty on tty1.
[[0;32m  OK  [0m] Reached target Login Prompts.
[[0;32m  OK  [0m] Started LXD - container startup/shutdown.
[[0;32m  OK  [0m] Started Dispatcher daemon for systemd-networkd.
[[0;32m  OK  [0m] Started LSB: Record successful boot for GRUB.
         Starting Authorization Manager...
[[0;32m  OK  [0m] Started Virtualbox guest utils.
[[0;32m  OK  [0m] Started Authorization Manager.
[[0;32m  OK  [0m] Started Accounts Service.
[[0;32m  OK  [0m] Started Snap Daemon.
         Starting Wait until snapd is fully seeded...
         Starting Time & Date Service...
[[0;32m  OK  [0m] Started Time & Date Service.
[[0;32m  OK  [0m] Started Pollinate to seed the pseudo random number generator.
         Starting OpenBSD Secure Shell server...
[[0;32m  OK  [0m] Started OpenBSD Secure Shell server.
[[0;32m  OK  [0m] Created slice User Slice of vagrant.
         Starting User Manager for UID 1000...
[[0;32m  OK  [0m] Started Session 1 of user vagrant.
[[0;32m  OK  [0m] Started User Manager for UID 1000.

Ubuntu 18.04.6 LTS ubuntu-bionic ttyS0

ubuntu-bionic login: [   24.509956] cloud-init[1827]: Cloud-init v. 22.2-0ubuntu1~18.04.3 running 'modules:config' at Thu, 13 Oct 2022 05:45:43 +0000. Up 23.89 seconds.
ci-info: no authorized SSH keys fingerprints found for user ubuntu.
<14>Oct 13 05:45:44 cloud-init: #############################################################
<14>Oct 13 05:45:44 cloud-init: -----BEGIN SSH HOST KEY FINGERPRINTS-----
<14>Oct 13 05:45:44 cloud-init: 1024 SHA256:o/oSThg6CeUsQbgho8rCvt7+K3W1NXgnvwJ8aXfeCMc root@ubuntu-bionic (DSA)
<14>Oct 13 05:45:44 cloud-init: 256 SHA256:ahdZR6KkC+PZTesHL4++HvgwtAcEJyle8UYmmO6+Zcg root@ubuntu-bionic (ECDSA)
<14>Oct 13 05:45:44 cloud-init: 256 SHA256:Lwo38MuNgnOtFM3MC0JzNKoh+i0FYcQoWmyO6msywuo root@ubuntu-bionic (ED25519)
<14>Oct 13 05:45:44 cloud-init: 2048 SHA256:zsplcBw4+ZwwmJxz6OXAvr7sJ5ZYt3sLceTxOoorKbw root@ubuntu-bionic (RSA)
<14>Oct 13 05:45:44 cloud-init: -----END SSH HOST KEY FINGERPRINTS-----
<14>Oct 13 05:45:44 cloud-init: #############################################################
-----BEGIN SSH HOST KEY KEYS-----
ecdsa-sha2-nistp256 AAAAE2VjZHNhLXNoYTItbmlzdHAyNTYAAAAIbmlzdHAyNTYAAABBBMytTCzTBQgRnTTVFzhq8etFX5SQ02bMB7xaT0dqTbcy1fUlbL1xYzDg1jK9ASR/IOlWPYFBCYFB0YuKK+De4tU= root@ubuntu-bionic
ssh-ed25519 AAAAC3NzaC1lZDI1NTE5AAAAIBM6uEsp+r/llIMCkFLQiZxQTAvM+Dhr4pGuPvRDYrgO root@ubuntu-bionic
ssh-rsa AAAAB3NzaC1yc2EAAAADAQABAAABAQDUT9goG6WbNKhFuzQxs3s30Tw2wz857fXUg2KdKwc2yMZ0QQP1CugrIC0ZtbrsUC6B03d5aZKQdeIr5u1Wt3/AEeTP1YP/TpNnkR824qMy9G3X+VFb2TyBy7vFtzo1OQeqdHgrNsiJWKgmpU8aMNS9TZdLP5PyqE3pMOOE6Gpo6VQ/SfRT1nqQflsOXwnfUIGR7vJbeeotnzFFtTnUQbgseKPJVR8GHU9fqM2aT3cEUNzwMnYSnv5yL4My4Ke8ie5iGcJJe73H1Kf3jrg4v53597JtWE6m82Fh5KnTw6W20f36aU/yyxj3pDjFZ9cLwwN8HEKe5iUZq0Ev1zukIqHd root@ubuntu-bionic
-----END SSH HOST KEY KEYS-----
[   25.236741] cloud-init[1938]: Cloud-init v. 22.2-0ubuntu1~18.04.3 running 'modules:final' at Thu, 13 Oct 2022 05:45:44 +0000. Up 25.03 seconds.
[   25.237176] cloud-init[1938]: Cloud-init v. 22.2-0ubuntu1~18.04.3 finished at Thu, 13 Oct 2022 05:45:44 +0000. Datasource DataSourceNoCloud [seed=/dev/sdb][dsmode=net].  Up 25.22 seconds
